<?xml version="1.0" encoding="UTF-8"?>
<robot generator="Robot 7.2.2 (Python 3.13.2 on win32)" generated="2025-04-04T02:48:24.120190" rpa="false" schemaversion="5">
<suite id="s1" name="Employee Tests" source="E:\ERP\dev\CursorAI\auto-dev\employee_tests.robot">
<kw name="Setup Test Suite" type="SETUP">
<kw name="Create Session" owner="RequestsLibrary">
<msg time="2025-04-04T02:48:25.320169" level="INFO">Creating Session using : alias=employee_api, url=http://localhost:8000, headers={},                     cookies={}, auth=None, timeout=None, proxies=None, verify=True,                     debug=0 </msg>
<arg>employee_api</arg>
<arg>${BASE_URL}</arg>
<arg>verify=True</arg>
<doc>Create Session: create a HTTP session to a server</doc>
<status status="PASS" start="2025-04-04T02:48:25.319932" elapsed="0.000447"/>
</kw>
<kw name="Open Browser" owner="SeleniumLibrary">
<msg time="2025-04-04T02:48:25.320778" level="INFO">Opening browser 'edge' to base url 'http://localhost:8080'.</msg>
<msg time="2025-04-04T02:48:25.325404" level="INFO">Applicable driver not found; attempting to install with Selenium Manager (Beta)</msg>
<arg>${FRONTEND_URL}</arg>
<arg>${BROWSER}</arg>
<doc>Opens a new browser instance to the optional ``url``.</doc>
<status status="PASS" start="2025-04-04T02:48:25.320560" elapsed="1.963427"/>
</kw>
<kw name="Maximize Browser Window" owner="SeleniumLibrary">
<doc>Maximizes current browser window.</doc>
<status status="PASS" start="2025-04-04T02:48:27.284551" elapsed="0.060381"/>
</kw>
<status status="PASS" start="2025-04-04T02:48:25.318926" elapsed="2.026471"/>
</kw>
<test id="s1-t1" name="Create New Employee Via API" line="134">
<kw name="Generate Random Employee Data">
<kw name="Name" owner="FakerLibrary">
<msg time="2025-04-04T02:48:27.350637" level="INFO">${name} = Jessica Watkins</msg>
<var>${name}</var>
<doc>:example: 'John Doe'</doc>
<status status="PASS" start="2025-04-04T02:48:27.349985" elapsed="0.000702"/>
</kw>
<kw name="Job" owner="FakerLibrary">
<msg time="2025-04-04T02:48:27.351019" level="INFO">${department} = Ambulance person</msg>
<var>${department}</var>
<status status="PASS" start="2025-04-04T02:48:27.350838" elapsed="0.000214"/>
</kw>
<kw name="Job" owner="FakerLibrary">
<msg time="2025-04-04T02:48:27.351325" level="INFO">${position} = Plant breeder/geneticist</msg>
<var>${position}</var>
<status status="PASS" start="2025-04-04T02:48:27.351170" elapsed="0.000184"/>
</kw>
<kw name="Create Dictionary" owner="BuiltIn">
<msg time="2025-04-04T02:48:27.351892" level="INFO">&amp;{employee} = { name=Jessica Watkins | department=Ambulance person | position=Plant breeder/geneticist }</msg>
<var>&amp;{employee}</var>
<arg>name=${name}</arg>
<arg>department=${department}</arg>
<arg>position=${position}</arg>
<doc>Creates and returns a dictionary based on the given ``items``.</doc>
<status status="PASS" start="2025-04-04T02:48:27.351481" elapsed="0.000449"/>
</kw>
<return>
<value>&amp;{employee}</value>
<status status="PASS" start="2025-04-04T02:48:27.352008" elapsed="0.000085"/>
</return>
<msg time="2025-04-04T02:48:27.352315" level="INFO">${employee_data} = {'name': 'Jessica Watkins', 'department': 'Ambulance person', 'position': 'Plant breeder/geneticist'}</msg>
<var>${employee_data}</var>
<status status="PASS" start="2025-04-04T02:48:27.349497" elapsed="0.002851"/>
</kw>
<kw name="Create Employee Via API">
<kw name="POST On Session" owner="RequestsLibrary">
<msg time="2025-04-04T02:48:29.403485" level="INFO">POST Request : url=http://localhost:8000/employees/ 
 path_url=/employees/ 
 headers={'User-Agent': 'python-requests/2.32.3', 'Accept-Encoding': 'gzip, deflate, zstd', 'Accept': '*/*', 'Connection': 'keep-alive', 'Content-Length': '101', 'Content-Type': 'application/json'} 
 body=b'{"name": "Jessica Watkins", "department": "Ambulance person", "position": "Plant breeder/geneticist"}' 
 </msg>
<msg time="2025-04-04T02:48:29.403866" level="INFO">POST Response : url=http://localhost:8000/employees/ 
 status=201, reason=Created 
 headers={'date': 'Thu, 03 Apr 2025 21:18:28 GMT', 'server': 'uvicorn', 'content-length': '104', 'content-type': 'application/json'} 
 body={"name":"Jessica Watkins","department":"Ambulance person","position":"Plant breeder/geneticist","id":75} 
 </msg>
<msg time="2025-04-04T02:48:29.404283" level="INFO">${response} = &lt;Response [201]&gt;</msg>
<var>${response}</var>
<arg>employee_api</arg>
<arg>/employees/</arg>
<arg>json=${employee_data}</arg>
<doc>Sends a POST request on a previously created HTTP Session.</doc>
<status status="PASS" start="2025-04-04T02:48:27.352908" elapsed="2.051501"/>
</kw>
<kw name="Status Should Be" owner="RequestsLibrary">
<arg>201</arg>
<arg>${response}</arg>
<doc>Fails if response status code is different than the expected.</doc>
<status status="PASS" start="2025-04-04T02:48:29.404965" elapsed="0.000960"/>
</kw>
<return>
<value>${response.json()}</value>
<status status="PASS" start="2025-04-04T02:48:29.406228" elapsed="0.000208"/>
</return>
<msg time="2025-04-04T02:48:29.408555" level="INFO">${response} = {'name': 'Jessica Watkins', 'department': 'Ambulance person', 'position': 'Plant breeder/geneticist', 'id': 75}</msg>
<var>${response}</var>
<arg>${employee_data}</arg>
<status status="PASS" start="2025-04-04T02:48:27.352532" elapsed="2.056179"/>
</kw>
<kw name="Convert To String" owner="BuiltIn">
<msg time="2025-04-04T02:48:29.410487" level="INFO">${id_str} = 75</msg>
<var>${id_str}</var>
<arg>${response}[id]</arg>
<doc>Converts the given item to a Unicode string.</doc>
<status status="PASS" start="2025-04-04T02:48:29.409218" elapsed="0.001438"/>
</kw>
<kw name="Should Not Be Empty" owner="BuiltIn">
<msg time="2025-04-04T02:48:29.412489" level="INFO">Length is 2.</msg>
<arg>${id_str}</arg>
<doc>Verifies that the given item is not empty.</doc>
<status status="PASS" start="2025-04-04T02:48:29.411384" elapsed="0.001524"/>
</kw>
<kw name="Should Be Equal As Strings" owner="BuiltIn">
<arg>${response}[name]</arg>
<arg>${employee_data}[name]</arg>
<doc>Fails if objects are unequal after converting them to strings.</doc>
<status status="PASS" start="2025-04-04T02:48:29.413617" elapsed="0.000736"/>
</kw>
<kw name="Should Be Equal As Strings" owner="BuiltIn">
<arg>${response}[department]</arg>
<arg>${employee_data}[department]</arg>
<doc>Fails if objects are unequal after converting them to strings.</doc>
<status status="PASS" start="2025-04-04T02:48:29.414718" elapsed="0.000640"/>
</kw>
<kw name="Should Be Equal As Strings" owner="BuiltIn">
<arg>${response}[position]</arg>
<arg>${employee_data}[position]</arg>
<doc>Fails if objects are unequal after converting them to strings.</doc>
<status status="PASS" start="2025-04-04T02:48:29.415868" elapsed="0.000588"/>
</kw>
<status status="PASS" start="2025-04-04T02:48:27.346134" elapsed="2.070667"/>
</test>
<test id="s1-t2" name="Create New Employee Via UI" line="144">
<kw name="Generate Random Employee Data">
<kw name="Name" owner="FakerLibrary">
<msg time="2025-04-04T02:48:29.419543" level="INFO">${name} = Jacob Peterson</msg>
<var>${name}</var>
<doc>:example: 'John Doe'</doc>
<status status="PASS" start="2025-04-04T02:48:29.418817" elapsed="0.000803"/>
</kw>
<kw name="Job" owner="FakerLibrary">
<msg time="2025-04-04T02:48:29.420201" level="INFO">${department} = Brewing technologist</msg>
<var>${department}</var>
<status status="PASS" start="2025-04-04T02:48:29.419885" elapsed="0.000378"/>
</kw>
<kw name="Job" owner="FakerLibrary">
<msg time="2025-04-04T02:48:29.420779" level="INFO">${position} = Police officer</msg>
<var>${position}</var>
<status status="PASS" start="2025-04-04T02:48:29.420485" elapsed="0.000354"/>
</kw>
<kw name="Create Dictionary" owner="BuiltIn">
<msg time="2025-04-04T02:48:29.421753" level="INFO">&amp;{employee} = { name=Jacob Peterson | department=Brewing technologist | position=Police officer }</msg>
<var>&amp;{employee}</var>
<arg>name=${name}</arg>
<arg>department=${department}</arg>
<arg>position=${position}</arg>
<doc>Creates and returns a dictionary based on the given ``items``.</doc>
<status status="PASS" start="2025-04-04T02:48:29.421088" elapsed="0.000737"/>
</kw>
<return>
<value>&amp;{employee}</value>
<status status="PASS" start="2025-04-04T02:48:29.422201" elapsed="0.000104"/>
</return>
<msg time="2025-04-04T02:48:29.422653" level="INFO">${employee_data} = {'name': 'Jacob Peterson', 'department': 'Brewing technologist', 'position': 'Police officer'}</msg>
<var>${employee_data}</var>
<status status="PASS" start="2025-04-04T02:48:29.418346" elapsed="0.004372"/>
</kw>
<kw name="Create Employee Via UI">
<kw name="Click Element" owner="SeleniumLibrary">
<msg time="2025-04-04T02:48:29.424734" level="INFO">Clicking element 'css:button[onclick='showAddModal()']'.</msg>
<arg>${ADD_EMPLOYEE_BTN}</arg>
<doc>Click the element identified by ``locator``.</doc>
<status status="PASS" start="2025-04-04T02:48:29.423856" elapsed="0.084496"/>
</kw>
<kw name="Wait Until Element Is Visible" owner="SeleniumLibrary">
<arg>${NAME_INPUT}</arg>
<doc>Waits until the element ``locator`` is visible.</doc>
<status status="PASS" start="2025-04-04T02:48:29.508596" elapsed="0.262557"/>
</kw>
<kw name="Input Text" owner="SeleniumLibrary">
<msg time="2025-04-04T02:48:29.771874" level="INFO">Typing text 'Jacob Peterson' into text field 'id:name'.</msg>
<arg>${NAME_INPUT}</arg>
<arg>${employee_data}[name]</arg>
<doc>Types the given ``text`` into the text field identified by ``locator``.</doc>
<status status="PASS" start="2025-04-04T02:48:29.771467" elapsed="0.141199"/>
</kw>
<kw name="Input Text" owner="SeleniumLibrary">
<msg time="2025-04-04T02:48:29.913195" level="INFO">Typing text 'Brewing technologist' into text field 'id:department'.</msg>
<arg>${DEPARTMENT_INPUT}</arg>
<arg>${employee_data}[department]</arg>
<doc>Types the given ``text`` into the text field identified by ``locator``.</doc>
<status status="PASS" start="2025-04-04T02:48:29.912921" elapsed="0.217025"/>
</kw>
<kw name="Input Text" owner="SeleniumLibrary">
<msg time="2025-04-04T02:48:30.130700" level="INFO">Typing text 'Police officer' into text field 'id:position'.</msg>
<arg>${POSITION_INPUT}</arg>
<arg>${employee_data}[position]</arg>
<doc>Types the given ``text`` into the text field identified by ``locator``.</doc>
<status status="PASS" start="2025-04-04T02:48:30.130243" elapsed="0.129033"/>
</kw>
<kw name="Click Element" owner="SeleniumLibrary">
<msg time="2025-04-04T02:48:30.260088" level="INFO">Clicking element 'css:button[onclick='saveEmployee()']'.</msg>
<arg>${SAVE_BTN}</arg>
<doc>Click the element identified by ``locator``.</doc>
<status status="PASS" start="2025-04-04T02:48:30.259606" elapsed="0.073492"/>
</kw>
<kw name="Wait Until Page Contains" owner="SeleniumLibrary">
<arg>${employee_data}[name]</arg>
<doc>Waits until ``text`` appears on the current page.</doc>
<status status="PASS" start="2025-04-04T02:48:30.333552" elapsed="0.287468"/>
</kw>
<arg>${employee_data}</arg>
<status status="PASS" start="2025-04-04T02:48:29.423020" elapsed="1.198118"/>
</kw>
<kw name="Verify Employee Exists">
<kw name="Page Should Contain" owner="SeleniumLibrary">
<msg time="2025-04-04T02:48:30.635343" level="INFO">Current page contains text 'Jacob Peterson'.</msg>
<arg>${employee_name}</arg>
<doc>Verifies that current page contains ``text``.</doc>
<status status="PASS" start="2025-04-04T02:48:30.621725" elapsed="0.013853"/>
</kw>
<arg>${employee_data}[name]</arg>
<status status="PASS" start="2025-04-04T02:48:30.621300" elapsed="0.014498"/>
</kw>
<status status="PASS" start="2025-04-04T02:48:29.417463" elapsed="1.218593"/>
</test>
<test id="s1-t3" name="Search Employee" line="149">
<kw name="Generate Random Employee Data">
<kw name="Name" owner="FakerLibrary">
<msg time="2025-04-04T02:48:30.638813" level="INFO">${name} = Dawn Mcdonald</msg>
<var>${name}</var>
<doc>:example: 'John Doe'</doc>
<status status="PASS" start="2025-04-04T02:48:30.637775" elapsed="0.001162"/>
</kw>
<kw name="Job" owner="FakerLibrary">
<msg time="2025-04-04T02:48:30.639688" level="INFO">${department} = Product designer</msg>
<var>${department}</var>
<status status="PASS" start="2025-04-04T02:48:30.639264" elapsed="0.000530"/>
</kw>
<kw name="Job" owner="FakerLibrary">
<msg time="2025-04-04T02:48:30.640210" level="INFO">${position} = Forensic psychologist</msg>
<var>${position}</var>
<status status="PASS" start="2025-04-04T02:48:30.639983" elapsed="0.000259"/>
</kw>
<kw name="Create Dictionary" owner="BuiltIn">
<msg time="2025-04-04T02:48:30.641252" level="INFO">&amp;{employee} = { name=Dawn Mcdonald | department=Product designer | position=Forensic psychologist }</msg>
<var>&amp;{employee}</var>
<arg>name=${name}</arg>
<arg>department=${department}</arg>
<arg>position=${position}</arg>
<doc>Creates and returns a dictionary based on the given ``items``.</doc>
<status status="PASS" start="2025-04-04T02:48:30.640390" elapsed="0.001034"/>
</kw>
<return>
<value>&amp;{employee}</value>
<status status="PASS" start="2025-04-04T02:48:30.641727" elapsed="0.000203"/>
</return>
<msg time="2025-04-04T02:48:30.642467" level="INFO">${employee_data} = {'name': 'Dawn Mcdonald', 'department': 'Product designer', 'position': 'Forensic psychologist'}</msg>
<var>${employee_data}</var>
<status status="PASS" start="2025-04-04T02:48:30.637293" elapsed="0.005269"/>
</kw>
<kw name="Create Employee Via UI">
<kw name="Click Element" owner="SeleniumLibrary">
<msg time="2025-04-04T02:48:30.644257" level="INFO">Clicking element 'css:button[onclick='showAddModal()']'.</msg>
<arg>${ADD_EMPLOYEE_BTN}</arg>
<doc>Click the element identified by ``locator``.</doc>
<status status="PASS" start="2025-04-04T02:48:30.644024" elapsed="0.178308"/>
</kw>
<kw name="Wait Until Element Is Visible" owner="SeleniumLibrary">
<arg>${NAME_INPUT}</arg>
<doc>Waits until the element ``locator`` is visible.</doc>
<status status="PASS" start="2025-04-04T02:48:30.822721" elapsed="0.259695"/>
</kw>
<kw name="Input Text" owner="SeleniumLibrary">
<msg time="2025-04-04T02:48:31.083743" level="INFO">Typing text 'Dawn Mcdonald' into text field 'id:name'.</msg>
<arg>${NAME_INPUT}</arg>
<arg>${employee_data}[name]</arg>
<doc>Types the given ``text`` into the text field identified by ``locator``.</doc>
<status status="PASS" start="2025-04-04T02:48:31.083070" elapsed="0.166735"/>
</kw>
<kw name="Input Text" owner="SeleniumLibrary">
<msg time="2025-04-04T02:48:31.250693" level="INFO">Typing text 'Product designer' into text field 'id:department'.</msg>
<arg>${DEPARTMENT_INPUT}</arg>
<arg>${employee_data}[department]</arg>
<doc>Types the given ``text`` into the text field identified by ``locator``.</doc>
<status status="PASS" start="2025-04-04T02:48:31.250176" elapsed="0.117845"/>
</kw>
<kw name="Input Text" owner="SeleniumLibrary">
<msg time="2025-04-04T02:48:31.368937" level="INFO">Typing text 'Forensic psychologist' into text field 'id:position'.</msg>
<arg>${POSITION_INPUT}</arg>
<arg>${employee_data}[position]</arg>
<doc>Types the given ``text`` into the text field identified by ``locator``.</doc>
<status status="PASS" start="2025-04-04T02:48:31.368320" elapsed="0.256720"/>
</kw>
<kw name="Click Element" owner="SeleniumLibrary">
<msg time="2025-04-04T02:48:31.625443" level="INFO">Clicking element 'css:button[onclick='saveEmployee()']'.</msg>
<arg>${SAVE_BTN}</arg>
<doc>Click the element identified by ``locator``.</doc>
<status status="PASS" start="2025-04-04T02:48:31.625225" elapsed="0.136982"/>
</kw>
<kw name="Wait Until Page Contains" owner="SeleniumLibrary">
<arg>${employee_data}[name]</arg>
<doc>Waits until ``text`` appears on the current page.</doc>
<status status="PASS" start="2025-04-04T02:48:31.763114" elapsed="0.241961"/>
</kw>
<arg>${employee_data}</arg>
<status status="PASS" start="2025-04-04T02:48:30.643067" elapsed="1.362153"/>
</kw>
<kw name="Search Employee">
<kw name="Input Text" owner="SeleniumLibrary">
<msg time="2025-04-04T02:48:32.006230" level="INFO">Typing text 'Dawn Mcdonald' into text field 'id:searchInput'.</msg>
<arg>${SEARCH_INPUT}</arg>
<arg>${search_term}</arg>
<doc>Types the given ``text`` into the text field identified by ``locator``.</doc>
<status status="PASS" start="2025-04-04T02:48:32.005895" elapsed="0.187834"/>
</kw>
<kw name="Sleep" owner="BuiltIn">
<msg time="2025-04-04T02:48:33.194676" level="INFO">Slept 1 second.</msg>
<arg>1s</arg>
<doc>Pauses the test executed for the given time.</doc>
<status status="PASS" start="2025-04-04T02:48:32.194136" elapsed="1.000648"/>
</kw>
<arg>${employee_data}[name]</arg>
<status status="PASS" start="2025-04-04T02:48:32.005442" elapsed="1.189491"/>
</kw>
<kw name="Verify Employee Exists">
<kw name="Page Should Contain" owner="SeleniumLibrary">
<msg time="2025-04-04T02:48:33.213395" level="INFO">Current page contains text 'Dawn Mcdonald'.</msg>
<arg>${employee_name}</arg>
<doc>Verifies that current page contains ``text``.</doc>
<status status="PASS" start="2025-04-04T02:48:33.195406" elapsed="0.018084"/>
</kw>
<arg>${employee_data}[name]</arg>
<status status="PASS" start="2025-04-04T02:48:33.195096" elapsed="0.018490"/>
</kw>
<status status="PASS" start="2025-04-04T02:48:30.636487" elapsed="2.577227"/>
</test>
<test id="s1-t4" name="Update Employee" line="155">
<kw name="Generate Random Employee Data">
<kw name="Name" owner="FakerLibrary">
<msg time="2025-04-04T02:48:33.214961" level="INFO">${name} = Tyler Schroeder</msg>
<var>${name}</var>
<doc>:example: 'John Doe'</doc>
<status status="PASS" start="2025-04-04T02:48:33.214611" elapsed="0.000385"/>
</kw>
<kw name="Job" owner="FakerLibrary">
<msg time="2025-04-04T02:48:33.215254" level="INFO">${department} = Mudlogger</msg>
<var>${department}</var>
<status status="PASS" start="2025-04-04T02:48:33.215114" elapsed="0.000169"/>
</kw>
<kw name="Job" owner="FakerLibrary">
<msg time="2025-04-04T02:48:33.215693" level="INFO">${position} = Paramedic</msg>
<var>${position}</var>
<status status="PASS" start="2025-04-04T02:48:33.215471" elapsed="0.000254"/>
</kw>
<kw name="Create Dictionary" owner="BuiltIn">
<msg time="2025-04-04T02:48:33.216132" level="INFO">&amp;{employee} = { name=Tyler Schroeder | department=Mudlogger | position=Paramedic }</msg>
<var>&amp;{employee}</var>
<arg>name=${name}</arg>
<arg>department=${department}</arg>
<arg>position=${position}</arg>
<doc>Creates and returns a dictionary based on the given ``items``.</doc>
<status status="PASS" start="2025-04-04T02:48:33.215844" elapsed="0.000318"/>
</kw>
<return>
<value>&amp;{employee}</value>
<status status="PASS" start="2025-04-04T02:48:33.216229" elapsed="0.000045"/>
</return>
<msg time="2025-04-04T02:48:33.216425" level="INFO">${employee_data} = {'name': 'Tyler Schroeder', 'department': 'Mudlogger', 'position': 'Paramedic'}</msg>
<var>${employee_data}</var>
<status status="PASS" start="2025-04-04T02:48:33.214375" elapsed="0.002077"/>
</kw>
<kw name="Create Employee Via API">
<kw name="POST On Session" owner="RequestsLibrary">
<msg time="2025-04-04T02:48:33.229076" level="INFO">POST Request : url=http://localhost:8000/employees/ 
 path_url=/employees/ 
 headers={'User-Agent': 'python-requests/2.32.3', 'Accept-Encoding': 'gzip, deflate, zstd', 'Accept': '*/*', 'Connection': 'keep-alive', 'Content-Length': '79', 'Content-Type': 'application/json'} 
 body=b'{"name": "Tyler Schroeder", "department": "Mudlogger", "position": "Paramedic"}' 
 </msg>
<msg time="2025-04-04T02:48:33.229157" level="INFO">POST Response : url=http://localhost:8000/employees/ 
 status=201, reason=Created 
 headers={'date': 'Thu, 03 Apr 2025 21:18:33 GMT', 'server': 'uvicorn', 'content-length': '82', 'content-type': 'application/json'} 
 body={"name":"Tyler Schroeder","department":"Mudlogger","position":"Paramedic","id":78} 
 </msg>
<msg time="2025-04-04T02:48:33.229282" level="INFO">${response} = &lt;Response [201]&gt;</msg>
<var>${response}</var>
<arg>employee_api</arg>
<arg>/employees/</arg>
<arg>json=${employee_data}</arg>
<doc>Sends a POST request on a previously created HTTP Session.</doc>
<status status="PASS" start="2025-04-04T02:48:33.216827" elapsed="0.012485"/>
</kw>
<kw name="Status Should Be" owner="RequestsLibrary">
<arg>201</arg>
<arg>${response}</arg>
<doc>Fails if response status code is different than the expected.</doc>
<status status="PASS" start="2025-04-04T02:48:33.229470" elapsed="0.000198"/>
</kw>
<return>
<value>${response.json()}</value>
<status status="PASS" start="2025-04-04T02:48:33.229732" elapsed="0.000043"/>
</return>
<msg time="2025-04-04T02:48:33.230260" level="INFO">${response} = {'name': 'Tyler Schroeder', 'department': 'Mudlogger', 'position': 'Paramedic', 'id': 78}</msg>
<var>${response}</var>
<arg>${employee_data}</arg>
<status status="PASS" start="2025-04-04T02:48:33.216592" elapsed="0.013702"/>
</kw>
<kw name="Set Variable" owner="BuiltIn">
<msg time="2025-04-04T02:48:33.230676" level="INFO">${employee_id} = 78</msg>
<var>${employee_id}</var>
<arg>${response}[id]</arg>
<doc>Returns the given values which can then be assigned to a variables.</doc>
<status status="PASS" start="2025-04-04T02:48:33.230439" elapsed="0.000295"/>
</kw>
<kw name="Generate Random Employee Data">
<kw name="Name" owner="FakerLibrary">
<msg time="2025-04-04T02:48:33.231602" level="INFO">${name} = Logan Richardson</msg>
<var>${name}</var>
<doc>:example: 'John Doe'</doc>
<status status="PASS" start="2025-04-04T02:48:33.231235" elapsed="0.000401"/>
</kw>
<kw name="Job" owner="FakerLibrary">
<msg time="2025-04-04T02:48:33.231912" level="INFO">${department} = Scientist, biomedical</msg>
<var>${department}</var>
<status status="PASS" start="2025-04-04T02:48:33.231760" elapsed="0.000181"/>
</kw>
<kw name="Job" owner="FakerLibrary">
<msg time="2025-04-04T02:48:33.232165" level="INFO">${position} = Copywriter, advertising</msg>
<var>${position}</var>
<status status="PASS" start="2025-04-04T02:48:33.232039" elapsed="0.000155"/>
</kw>
<kw name="Create Dictionary" owner="BuiltIn">
<msg time="2025-04-04T02:48:33.232693" level="INFO">&amp;{employee} = { name=Logan Richardson | department=Scientist, biomedical | position=Copywriter, advertising }</msg>
<var>&amp;{employee}</var>
<arg>name=${name}</arg>
<arg>department=${department}</arg>
<arg>position=${position}</arg>
<doc>Creates and returns a dictionary based on the given ``items``.</doc>
<status status="PASS" start="2025-04-04T02:48:33.232308" elapsed="0.000421"/>
</kw>
<return>
<value>&amp;{employee}</value>
<status status="PASS" start="2025-04-04T02:48:33.232815" elapsed="0.000057"/>
</return>
<msg time="2025-04-04T02:48:33.233040" level="INFO">${updated_data} = {'name': 'Logan Richardson', 'department': 'Scientist, biomedical', 'position': 'Copywriter, advertising'}</msg>
<var>${updated_data}</var>
<status status="PASS" start="2025-04-04T02:48:33.230990" elapsed="0.002080"/>
</kw>
<kw name="Update Employee Via API">
<kw name="PUT On Session" owner="RequestsLibrary">
<msg time="2025-04-04T02:48:33.245431" level="INFO">PUT Request : url=http://localhost:8000/employees/78 
 path_url=/employees/78 
 headers={'User-Agent': 'python-requests/2.32.3', 'Accept-Encoding': 'gzip, deflate, zstd', 'Accept': '*/*', 'Connection': 'keep-alive', 'Content-Length': '106', 'Content-Type': 'application/json'} 
 body=b'{"name": "Logan Richardson", "department": "Scientist, biomedical", "position": "Copywriter, advertising"}' 
 </msg>
<msg time="2025-04-04T02:48:33.245506" level="INFO">PUT Response : url=http://localhost:8000/employees/78 
 status=200, reason=OK 
 headers={'date': 'Thu, 03 Apr 2025 21:18:33 GMT', 'server': 'uvicorn', 'content-length': '109', 'content-type': 'application/json'} 
 body={"name":"Logan Richardson","department":"Scientist, biomedical","position":"Copywriter, advertising","id":78} 
 </msg>
<msg time="2025-04-04T02:48:33.245619" level="INFO">${response} = &lt;Response [200]&gt;</msg>
<var>${response}</var>
<arg>employee_api</arg>
<arg>/employees/${employee_id}</arg>
<arg>json=${employee_data}</arg>
<doc>Sends a PUT request on a previously created HTTP Session.</doc>
<status status="PASS" start="2025-04-04T02:48:33.233533" elapsed="0.012116"/>
</kw>
<kw name="Status Should Be" owner="RequestsLibrary">
<arg>200</arg>
<arg>${response}</arg>
<doc>Fails if response status code is different than the expected.</doc>
<status status="PASS" start="2025-04-04T02:48:33.245810" elapsed="0.000191"/>
</kw>
<return>
<value>${response.json()}</value>
<status status="PASS" start="2025-04-04T02:48:33.246122" elapsed="0.000045"/>
</return>
<msg time="2025-04-04T02:48:33.246632" level="INFO">${update_response} = {'name': 'Logan Richardson', 'department': 'Scientist, biomedical', 'position': 'Copywriter, advertising', 'id': 78}</msg>
<var>${update_response}</var>
<arg>${employee_id}</arg>
<arg>${updated_data}</arg>
<status status="PASS" start="2025-04-04T02:48:33.233232" elapsed="0.013433"/>
</kw>
<kw name="Should Be Equal" owner="BuiltIn">
<arg>${update_response}[name]</arg>
<arg>${updated_data}[name]</arg>
<doc>Fails if the given objects are unequal.</doc>
<status status="PASS" start="2025-04-04T02:48:33.246785" elapsed="0.000199"/>
</kw>
<status status="PASS" start="2025-04-04T02:48:33.213954" elapsed="0.033137"/>
</test>
<test id="s1-t5" name="Delete Employee" line="164">
<kw name="Generate Random Employee Data">
<kw name="Name" owner="FakerLibrary">
<msg time="2025-04-04T02:48:33.248099" level="INFO">${name} = Kristina Foster</msg>
<var>${name}</var>
<doc>:example: 'John Doe'</doc>
<status status="PASS" start="2025-04-04T02:48:33.247775" elapsed="0.000355"/>
</kw>
<kw name="Job" owner="FakerLibrary">
<msg time="2025-04-04T02:48:33.248359" level="INFO">${department} = Occupational psychologist</msg>
<var>${department}</var>
<status status="PASS" start="2025-04-04T02:48:33.248230" elapsed="0.000157"/>
</kw>
<kw name="Job" owner="FakerLibrary">
<msg time="2025-04-04T02:48:33.248604" level="INFO">${position} = Toxicologist</msg>
<var>${position}</var>
<status status="PASS" start="2025-04-04T02:48:33.248480" elapsed="0.000151"/>
</kw>
<kw name="Create Dictionary" owner="BuiltIn">
<msg time="2025-04-04T02:48:33.249017" level="INFO">&amp;{employee} = { name=Kristina Foster | department=Occupational psychologist | position=Toxicologist }</msg>
<var>&amp;{employee}</var>
<arg>name=${name}</arg>
<arg>department=${department}</arg>
<arg>position=${position}</arg>
<doc>Creates and returns a dictionary based on the given ``items``.</doc>
<status status="PASS" start="2025-04-04T02:48:33.248736" elapsed="0.000312"/>
</kw>
<return>
<value>&amp;{employee}</value>
<status status="PASS" start="2025-04-04T02:48:33.249109" elapsed="0.000036"/>
</return>
<msg time="2025-04-04T02:48:33.249282" level="INFO">${employee_data} = {'name': 'Kristina Foster', 'department': 'Occupational psychologist', 'position': 'Toxicologist'}</msg>
<var>${employee_data}</var>
<status status="PASS" start="2025-04-04T02:48:33.247583" elapsed="0.001727"/>
</kw>
<kw name="Create Employee Via API">
<kw name="POST On Session" owner="RequestsLibrary">
<msg time="2025-04-04T02:48:33.259380" level="INFO">POST Request : url=http://localhost:8000/employees/ 
 path_url=/employees/ 
 headers={'User-Agent': 'python-requests/2.32.3', 'Accept-Encoding': 'gzip, deflate, zstd', 'Accept': '*/*', 'Connection': 'keep-alive', 'Content-Length': '98', 'Content-Type': 'application/json'} 
 body=b'{"name": "Kristina Foster", "department": "Occupational psychologist", "position": "Toxicologist"}' 
 </msg>
<msg time="2025-04-04T02:48:33.259472" level="INFO">POST Response : url=http://localhost:8000/employees/ 
 status=201, reason=Created 
 headers={'date': 'Thu, 03 Apr 2025 21:18:33 GMT', 'server': 'uvicorn', 'content-length': '101', 'content-type': 'application/json'} 
 body={"name":"Kristina Foster","department":"Occupational psychologist","position":"Toxicologist","id":79} 
 </msg>
<msg time="2025-04-04T02:48:33.259594" level="INFO">${response} = &lt;Response [201]&gt;</msg>
<var>${response}</var>
<arg>employee_api</arg>
<arg>/employees/</arg>
<arg>json=${employee_data}</arg>
<doc>Sends a POST request on a previously created HTTP Session.</doc>
<status status="PASS" start="2025-04-04T02:48:33.249672" elapsed="0.009952"/>
</kw>
<kw name="Status Should Be" owner="RequestsLibrary">
<arg>201</arg>
<arg>${response}</arg>
<doc>Fails if response status code is different than the expected.</doc>
<status status="PASS" start="2025-04-04T02:48:33.259788" elapsed="0.000219"/>
</kw>
<return>
<value>${response.json()}</value>
<status status="PASS" start="2025-04-04T02:48:33.260106" elapsed="0.000082"/>
</return>
<msg time="2025-04-04T02:48:33.261014" level="INFO">${response} = {'name': 'Kristina Foster', 'department': 'Occupational psychologist', 'position': 'Toxicologist', 'id': 79}</msg>
<var>${response}</var>
<arg>${employee_data}</arg>
<status status="PASS" start="2025-04-04T02:48:33.249440" elapsed="0.011648"/>
</kw>
<kw name="Set Variable" owner="BuiltIn">
<msg time="2025-04-04T02:48:33.261733" level="INFO">${employee_id} = 79</msg>
<var>${employee_id}</var>
<arg>${response}[id]</arg>
<doc>Returns the given values which can then be assigned to a variables.</doc>
<status status="PASS" start="2025-04-04T02:48:33.261360" elapsed="0.000434"/>
</kw>
<kw name="Delete Employee Via API">
<kw name="DELETE On Session" owner="RequestsLibrary">
<msg time="2025-04-04T02:48:33.271373" level="INFO">DELETE Request : url=http://localhost:8000/employees/79 
 path_url=/employees/79 
 headers={'User-Agent': 'python-requests/2.32.3', 'Accept-Encoding': 'gzip, deflate, zstd', 'Accept': '*/*', 'Connection': 'keep-alive', 'Content-Length': '0'} 
 body=None 
 </msg>
<msg time="2025-04-04T02:48:33.271458" level="INFO">DELETE Response : url=http://localhost:8000/employees/79 
 status=200, reason=OK 
 headers={'date': 'Thu, 03 Apr 2025 21:18:33 GMT', 'server': 'uvicorn', 'content-length': '43', 'content-type': 'application/json'} 
 body={"message":"Employee deleted successfully"} 
 </msg>
<msg time="2025-04-04T02:48:33.271578" level="INFO">${response} = &lt;Response [200]&gt;</msg>
<var>${response}</var>
<arg>employee_api</arg>
<arg>/employees/${employee_id}</arg>
<doc>Sends a DELETE request on a previously created HTTP Session.</doc>
<status status="PASS" start="2025-04-04T02:48:33.262440" elapsed="0.009169"/>
</kw>
<kw name="Status Should Be" owner="RequestsLibrary">
<arg>200</arg>
<arg>${response}</arg>
<doc>Fails if response status code is different than the expected.</doc>
<status status="PASS" start="2025-04-04T02:48:33.271774" elapsed="0.000212"/>
</kw>
<arg>${employee_id}</arg>
<status status="PASS" start="2025-04-04T02:48:33.262071" elapsed="0.009996"/>
</kw>
<kw name="Reload Page" owner="SeleniumLibrary">
<doc>Simulates user reloading page.</doc>
<status status="PASS" start="2025-04-04T02:48:33.272178" elapsed="0.193572"/>
</kw>
<kw name="Verify Employee Does Not Exist">
<kw name="Page Should Not Contain" owner="SeleniumLibrary">
<msg time="2025-04-04T02:48:33.506845" level="INFO">Current page does not contain text 'Kristina Foster'.</msg>
<arg>${employee_name}</arg>
<doc>Verifies the current page does not contain ``text``.</doc>
<status status="PASS" start="2025-04-04T02:48:33.466403" elapsed="0.040524"/>
</kw>
<arg>${employee_data}[name]</arg>
<status status="PASS" start="2025-04-04T02:48:33.466018" elapsed="0.041008"/>
</kw>
<status status="PASS" start="2025-04-04T02:48:33.247280" elapsed="0.259867"/>
</test>
<test id="s1-t6" name="Delete Multiple Employees" line="173">
<kw name="Generate Random Employee Data">
<kw name="Name" owner="FakerLibrary">
<msg time="2025-04-04T02:48:33.508340" level="INFO">${name} = Carlos Shaw</msg>
<var>${name}</var>
<doc>:example: 'John Doe'</doc>
<status status="PASS" start="2025-04-04T02:48:33.507963" elapsed="0.000413"/>
</kw>
<kw name="Job" owner="FakerLibrary">
<msg time="2025-04-04T02:48:33.508626" level="INFO">${department} = Runner, broadcasting/film/video</msg>
<var>${department}</var>
<status status="PASS" start="2025-04-04T02:48:33.508490" elapsed="0.000165"/>
</kw>
<kw name="Job" owner="FakerLibrary">
<msg time="2025-04-04T02:48:33.508882" level="INFO">${position} = Systems analyst</msg>
<var>${position}</var>
<status status="PASS" start="2025-04-04T02:48:33.508752" elapsed="0.000159"/>
</kw>
<kw name="Create Dictionary" owner="BuiltIn">
<msg time="2025-04-04T02:48:33.509485" level="INFO">&amp;{employee} = { name=Carlos Shaw | department=Runner, broadcasting/film/video | position=Systems analyst }</msg>
<var>&amp;{employee}</var>
<arg>name=${name}</arg>
<arg>department=${department}</arg>
<arg>position=${position}</arg>
<doc>Creates and returns a dictionary based on the given ``items``.</doc>
<status status="PASS" start="2025-04-04T02:48:33.509160" elapsed="0.000358"/>
</kw>
<return>
<value>&amp;{employee}</value>
<status status="PASS" start="2025-04-04T02:48:33.509594" elapsed="0.000047"/>
</return>
<msg time="2025-04-04T02:48:33.509797" level="INFO">${employee_data1} = {'name': 'Carlos Shaw', 'department': 'Runner, broadcasting/film/video', 'position': 'Systems analyst'}</msg>
<var>${employee_data1}</var>
<status status="PASS" start="2025-04-04T02:48:33.507724" elapsed="0.002102"/>
</kw>
<kw name="Create Employee Via API">
<kw name="POST On Session" owner="RequestsLibrary">
<msg time="2025-04-04T02:48:33.522955" level="INFO">POST Request : url=http://localhost:8000/employees/ 
 path_url=/employees/ 
 headers={'User-Agent': 'python-requests/2.32.3', 'Accept-Encoding': 'gzip, deflate, zstd', 'Accept': '*/*', 'Connection': 'keep-alive', 'Content-Length': '103', 'Content-Type': 'application/json'} 
 body=b'{"name": "Carlos Shaw", "department": "Runner, broadcasting/film/video", "position": "Systems analyst"}' 
 </msg>
<msg time="2025-04-04T02:48:33.523074" level="INFO">POST Response : url=http://localhost:8000/employees/ 
 status=201, reason=Created 
 headers={'date': 'Thu, 03 Apr 2025 21:18:33 GMT', 'server': 'uvicorn', 'content-length': '106', 'content-type': 'application/json'} 
 body={"name":"Carlos Shaw","department":"Runner, broadcasting/film/video","position":"Systems analyst","id":79} 
 </msg>
<msg time="2025-04-04T02:48:33.523202" level="INFO">${response} = &lt;Response [201]&gt;</msg>
<var>${response}</var>
<arg>employee_api</arg>
<arg>/employees/</arg>
<arg>json=${employee_data}</arg>
<doc>Sends a POST request on a previously created HTTP Session.</doc>
<status status="PASS" start="2025-04-04T02:48:33.510257" elapsed="0.013002"/>
</kw>
<kw name="Status Should Be" owner="RequestsLibrary">
<arg>201</arg>
<arg>${response}</arg>
<doc>Fails if response status code is different than the expected.</doc>
<status status="PASS" start="2025-04-04T02:48:33.523453" elapsed="0.000256"/>
</kw>
<return>
<value>${response.json()}</value>
<status status="PASS" start="2025-04-04T02:48:33.523779" elapsed="0.000047"/>
</return>
<msg time="2025-04-04T02:48:33.524443" level="INFO">${response1} = {'name': 'Carlos Shaw', 'department': 'Runner, broadcasting/film/video', 'position': 'Systems analyst', 'id': 79}</msg>
<var>${response1}</var>
<arg>${employee_data1}</arg>
<status status="PASS" start="2025-04-04T02:48:33.509982" elapsed="0.014531"/>
</kw>
<kw name="Set Variable" owner="BuiltIn">
<msg time="2025-04-04T02:48:33.525156" level="INFO">${employee_id1} = 79</msg>
<var>${employee_id1}</var>
<arg>${response1}[id]</arg>
<doc>Returns the given values which can then be assigned to a variables.</doc>
<status status="PASS" start="2025-04-04T02:48:33.524833" elapsed="0.000360"/>
</kw>
<kw name="Generate Random Employee Data">
<kw name="Name" owner="FakerLibrary">
<msg time="2025-04-04T02:48:33.526038" level="INFO">${name} = Rodney Gutierrez</msg>
<var>${name}</var>
<doc>:example: 'John Doe'</doc>
<status status="PASS" start="2025-04-04T02:48:33.525647" elapsed="0.000426"/>
</kw>
<kw name="Job" owner="FakerLibrary">
<msg time="2025-04-04T02:48:33.526343" level="INFO">${department} = Nurse, adult</msg>
<var>${department}</var>
<status status="PASS" start="2025-04-04T02:48:33.526196" elapsed="0.000177"/>
</kw>
<kw name="Job" owner="FakerLibrary">
<msg time="2025-04-04T02:48:33.526606" level="INFO">${position} = Horticulturist, commercial</msg>
<var>${position}</var>
<status status="PASS" start="2025-04-04T02:48:33.526474" elapsed="0.000165"/>
</kw>
<kw name="Create Dictionary" owner="BuiltIn">
<msg time="2025-04-04T02:48:33.527064" level="INFO">&amp;{employee} = { name=Rodney Gutierrez | department=Nurse, adult | position=Horticulturist, commercial }</msg>
<var>&amp;{employee}</var>
<arg>name=${name}</arg>
<arg>department=${department}</arg>
<arg>position=${position}</arg>
<doc>Creates and returns a dictionary based on the given ``items``.</doc>
<status status="PASS" start="2025-04-04T02:48:33.526750" elapsed="0.000345"/>
</kw>
<return>
<value>&amp;{employee}</value>
<status status="PASS" start="2025-04-04T02:48:33.527162" elapsed="0.000044"/>
</return>
<msg time="2025-04-04T02:48:33.527376" level="INFO">${employee_data2} = {'name': 'Rodney Gutierrez', 'department': 'Nurse, adult', 'position': 'Horticulturist, commercial'}</msg>
<var>${employee_data2}</var>
<status status="PASS" start="2025-04-04T02:48:33.525400" elapsed="0.002004"/>
</kw>
<kw name="Create Employee Via API">
<kw name="POST On Session" owner="RequestsLibrary">
<msg time="2025-04-04T02:48:33.540484" level="INFO">POST Request : url=http://localhost:8000/employees/ 
 path_url=/employees/ 
 headers={'User-Agent': 'python-requests/2.32.3', 'Accept-Encoding': 'gzip, deflate, zstd', 'Accept': '*/*', 'Connection': 'keep-alive', 'Content-Length': '100', 'Content-Type': 'application/json'} 
 body=b'{"name": "Rodney Gutierrez", "department": "Nurse, adult", "position": "Horticulturist, commercial"}' 
 </msg>
<msg time="2025-04-04T02:48:33.540577" level="INFO">POST Response : url=http://localhost:8000/employees/ 
 status=201, reason=Created 
 headers={'date': 'Thu, 03 Apr 2025 21:18:33 GMT', 'server': 'uvicorn', 'content-length': '103', 'content-type': 'application/json'} 
 body={"name":"Rodney Gutierrez","department":"Nurse, adult","position":"Horticulturist, commercial","id":80} 
 </msg>
<msg time="2025-04-04T02:48:33.540696" level="INFO">${response} = &lt;Response [201]&gt;</msg>
<var>${response}</var>
<arg>employee_api</arg>
<arg>/employees/</arg>
<arg>json=${employee_data}</arg>
<doc>Sends a POST request on a previously created HTTP Session.</doc>
<status status="PASS" start="2025-04-04T02:48:33.527854" elapsed="0.012878"/>
</kw>
<kw name="Status Should Be" owner="RequestsLibrary">
<arg>201</arg>
<arg>${response}</arg>
<doc>Fails if response status code is different than the expected.</doc>
<status status="PASS" start="2025-04-04T02:48:33.540930" elapsed="0.000268"/>
</kw>
<return>
<value>${response.json()}</value>
<status status="PASS" start="2025-04-04T02:48:33.541278" elapsed="0.000065"/>
</return>
<msg time="2025-04-04T02:48:33.541862" level="INFO">${response2} = {'name': 'Rodney Gutierrez', 'department': 'Nurse, adult', 'position': 'Horticulturist, commercial', 'id': 80}</msg>
<var>${response2}</var>
<arg>${employee_data2}</arg>
<status status="PASS" start="2025-04-04T02:48:33.527567" elapsed="0.014330"/>
</kw>
<kw name="Set Variable" owner="BuiltIn">
<msg time="2025-04-04T02:48:33.542202" level="INFO">${employee_id2} = 80</msg>
<var>${employee_id2}</var>
<arg>${response2}[id]</arg>
<doc>Returns the given values which can then be assigned to a variables.</doc>
<status status="PASS" start="2025-04-04T02:48:33.542034" elapsed="0.000199"/>
</kw>
<kw name="Go To" owner="SeleniumLibrary">
<msg time="2025-04-04T02:48:33.542478" level="INFO">Opening url 'http://localhost:8080'</msg>
<arg>${FRONTEND_URL}</arg>
<doc>Navigates the current browser window to the provided ``url``.</doc>
<status status="PASS" start="2025-04-04T02:48:33.542343" elapsed="0.205194"/>
</kw>
<kw name="Wait Until Element Is Visible" owner="SeleniumLibrary">
<arg>id:employeeContainer</arg>
<doc>Waits until the element ``locator`` is visible.</doc>
<status status="PASS" start="2025-04-04T02:48:33.747773" elapsed="0.031462"/>
</kw>
<kw name="Sleep" owner="BuiltIn">
<msg time="2025-04-04T02:48:35.780184" level="INFO">Slept 2 seconds.</msg>
<arg>2s</arg>
<doc>Pauses the test executed for the given time.</doc>
<status status="PASS" start="2025-04-04T02:48:33.779406" elapsed="2.001169"/>
</kw>
<kw name="Select Multiple Employees">
<for flavor="IN">
<iter>
<kw name="Set Variable" owner="BuiltIn">
<msg time="2025-04-04T02:48:35.785458" level="INFO">${checkbox_locator} = id:check-79</msg>
<var>${checkbox_locator}</var>
<arg>id:check-${id}</arg>
<doc>Returns the given values which can then be assigned to a variables.</doc>
<status status="PASS" start="2025-04-04T02:48:35.784753" elapsed="0.001435"/>
</kw>
<kw name="Wait Until Element Is Visible" owner="SeleniumLibrary">
<arg>${checkbox_locator}</arg>
<doc>Waits until the element ``locator`` is visible.</doc>
<status status="PASS" start="2025-04-04T02:48:35.786374" elapsed="0.024581"/>
</kw>
<kw name="Scroll Element Into View" owner="SeleniumLibrary">
<arg>${checkbox_locator}</arg>
<doc>Scrolls the element identified by ``locator`` into view.</doc>
<status status="PASS" start="2025-04-04T02:48:35.811159" elapsed="0.280632"/>
</kw>
<kw name="Sleep" owner="BuiltIn">
<msg time="2025-04-04T02:48:36.592587" level="INFO">Slept 500 milliseconds.</msg>
<arg>0.5s</arg>
<doc>Pauses the test executed for the given time.</doc>
<status status="PASS" start="2025-04-04T02:48:36.091990" elapsed="0.500703"/>
</kw>
<kw name="Click Element" owner="SeleniumLibrary">
<msg time="2025-04-04T02:48:36.593088" level="INFO">Clicking element 'id:check-79'.</msg>
<arg>${checkbox_locator}</arg>
<doc>Click the element identified by ``locator``.</doc>
<status status="PASS" start="2025-04-04T02:48:36.592870" elapsed="0.074000"/>
</kw>
<var name="${id}">79</var>
<status status="PASS" start="2025-04-04T02:48:35.784188" elapsed="0.882766"/>
</iter>
<iter>
<kw name="Set Variable" owner="BuiltIn">
<msg time="2025-04-04T02:48:36.667445" level="INFO">${checkbox_locator} = id:check-80</msg>
<var>${checkbox_locator}</var>
<arg>id:check-${id}</arg>
<doc>Returns the given values which can then be assigned to a variables.</doc>
<status status="PASS" start="2025-04-04T02:48:36.667253" elapsed="0.000226"/>
</kw>
<kw name="Wait Until Element Is Visible" owner="SeleniumLibrary">
<arg>${checkbox_locator}</arg>
<doc>Waits until the element ``locator`` is visible.</doc>
<status status="PASS" start="2025-04-04T02:48:36.667614" elapsed="0.021737"/>
</kw>
<kw name="Scroll Element Into View" owner="SeleniumLibrary">
<arg>${checkbox_locator}</arg>
<doc>Scrolls the element identified by ``locator`` into view.</doc>
<status status="PASS" start="2025-04-04T02:48:36.689546" elapsed="0.289318"/>
</kw>
<kw name="Sleep" owner="BuiltIn">
<msg time="2025-04-04T02:48:37.480077" level="INFO">Slept 500 milliseconds.</msg>
<arg>0.5s</arg>
<doc>Pauses the test executed for the given time.</doc>
<status status="PASS" start="2025-04-04T02:48:36.979286" elapsed="0.500921"/>
</kw>
<kw name="Click Element" owner="SeleniumLibrary">
<msg time="2025-04-04T02:48:37.480709" level="INFO">Clicking element 'id:check-80'.</msg>
<arg>${checkbox_locator}</arg>
<doc>Click the element identified by ``locator``.</doc>
<status status="PASS" start="2025-04-04T02:48:37.480427" elapsed="0.071443"/>
</kw>
<var name="${id}">80</var>
<status status="PASS" start="2025-04-04T02:48:36.667125" elapsed="0.884836"/>
</iter>
<var>${id}</var>
<value>@{employee_ids}</value>
<status status="PASS" start="2025-04-04T02:48:35.782848" elapsed="1.769185"/>
</for>
<kw name="Wait Until Element Is Enabled" owner="SeleniumLibrary">
<arg>id:deleteSelectedBtn</arg>
<doc>Waits until the element ``locator`` is enabled.</doc>
<status status="PASS" start="2025-04-04T02:48:37.552217" elapsed="0.033927"/>
</kw>
<arg>${employee_id1}</arg>
<arg>${employee_id2}</arg>
<status status="PASS" start="2025-04-04T02:48:35.781687" elapsed="1.804585"/>
</kw>
<kw name="Delete Selected Employees">
<kw name="Set Variable" owner="BuiltIn">
<msg time="2025-04-04T02:48:37.586881" level="INFO">${delete_button} = id:deleteSelectedBtn</msg>
<var>${delete_button}</var>
<arg>id:deleteSelectedBtn</arg>
<doc>Returns the given values which can then be assigned to a variables.</doc>
<status status="PASS" start="2025-04-04T02:48:37.586728" elapsed="0.000185"/>
</kw>
<kw name="Wait Until Element Is Visible" owner="SeleniumLibrary">
<arg>${delete_button}</arg>
<doc>Waits until the element ``locator`` is visible.</doc>
<status status="PASS" start="2025-04-04T02:48:37.587037" elapsed="0.019472"/>
</kw>
<kw name="Scroll Element Into View" owner="SeleniumLibrary">
<arg>${delete_button}</arg>
<doc>Scrolls the element identified by ``locator`` into view.</doc>
<status status="PASS" start="2025-04-04T02:48:37.606771" elapsed="0.302238"/>
</kw>
<kw name="Wait Until Element Is Enabled" owner="SeleniumLibrary">
<arg>${delete_button}</arg>
<doc>Waits until the element ``locator`` is enabled.</doc>
<status status="PASS" start="2025-04-04T02:48:37.909451" elapsed="0.058970"/>
</kw>
<kw name="Click Element" owner="SeleniumLibrary">
<msg time="2025-04-04T02:48:37.968979" level="INFO">Clicking element 'id:deleteSelectedBtn'.</msg>
<arg>${delete_button}</arg>
<doc>Click the element identified by ``locator``.</doc>
<status status="PASS" start="2025-04-04T02:48:37.968612" elapsed="0.068276"/>
</kw>
<kw name="Handle Alert" owner="SeleniumLibrary">
<msg time="2025-04-04T02:48:38.037215" level="INFO">HANDLE::&lt;class 'NoneType'&gt;::None</msg>
<arg>ACCEPT</arg>
<doc>Handles the current alert and returns its message.</doc>
<status status="PASS" start="2025-04-04T02:48:38.037068" elapsed="0.004834"/>
</kw>
<kw name="Sleep" owner="BuiltIn">
<msg time="2025-04-04T02:48:40.042999" level="INFO">Slept 2 seconds.</msg>
<arg>2s</arg>
<doc>Pauses the test executed for the given time.</doc>
<status status="PASS" start="2025-04-04T02:48:38.042188" elapsed="2.001185"/>
</kw>
<kw name="Wait Until Page Contains Element" owner="SeleniumLibrary">
<arg>id:employeeContainer</arg>
<doc>Waits until the element ``locator`` appears on the current page.</doc>
<status status="PASS" start="2025-04-04T02:48:40.044005" elapsed="0.020517"/>
</kw>
<status status="PASS" start="2025-04-04T02:48:37.586479" elapsed="2.478172"/>
</kw>
<kw name="Verify Employee Does Not Exist">
<kw name="Page Should Not Contain" owner="SeleniumLibrary">
<msg time="2025-04-04T02:48:40.088337" level="INFO">Current page does not contain text 'Carlos Shaw'.</msg>
<arg>${employee_name}</arg>
<doc>Verifies the current page does not contain ``text``.</doc>
<status status="PASS" start="2025-04-04T02:48:40.065186" elapsed="0.023231"/>
</kw>
<arg>${employee_data1}[name]</arg>
<status status="PASS" start="2025-04-04T02:48:40.064827" elapsed="0.023685"/>
</kw>
<kw name="Verify Employee Does Not Exist">
<kw name="Page Should Not Contain" owner="SeleniumLibrary">
<msg time="2025-04-04T02:48:40.111854" level="INFO">Current page does not contain text 'Rodney Gutierrez'.</msg>
<arg>${employee_name}</arg>
<doc>Verifies the current page does not contain ``text``.</doc>
<status status="PASS" start="2025-04-04T02:48:40.088989" elapsed="0.022940"/>
</kw>
<arg>${employee_data2}[name]</arg>
<status status="PASS" start="2025-04-04T02:48:40.088673" elapsed="0.023348"/>
</kw>
<kw name="Run Keyword And Ignore Error" owner="BuiltIn">
<kw name="Get Employee Via API">
<kw name="GET On Session" owner="RequestsLibrary">
<msg time="2025-04-04T02:48:42.149777" level="INFO">GET Request : url=http://localhost:8000/employees/79 
 path_url=/employees/79 
 headers={'User-Agent': 'python-requests/2.32.3', 'Accept-Encoding': 'gzip, deflate, zstd', 'Accept': '*/*', 'Connection': 'keep-alive'} 
 body=None 
 </msg>
<msg time="2025-04-04T02:48:42.149876" level="INFO">GET Response : url=http://localhost:8000/employees/79 
 status=404, reason=Not Found 
 headers={'date': 'Thu, 03 Apr 2025 21:18:41 GMT', 'server': 'uvicorn', 'content-length': '31', 'content-type': 'application/json'} 
 body={"detail":"Employee not found"} 
 </msg>
<msg time="2025-04-04T02:48:42.150048" level="INFO">${response} = &lt;Response [404]&gt;</msg>
<var>${response}</var>
<arg>employee_api</arg>
<arg>/employees/${employee_id}</arg>
<arg>expected_status=404</arg>
<doc>Sends a GET request on a previously created HTTP Session.</doc>
<status status="PASS" start="2025-04-04T02:48:40.112633" elapsed="2.037446"/>
</kw>
<arg>${employee_id1}</arg>
<status status="PASS" start="2025-04-04T02:48:40.112362" elapsed="2.037921"/>
</kw>
<arg>Get Employee Via API</arg>
<arg>${employee_id1}</arg>
<doc>Runs the given keyword with the given arguments and ignores possible error.</doc>
<status status="PASS" start="2025-04-04T02:48:40.112167" elapsed="2.038182"/>
</kw>
<kw name="Run Keyword And Ignore Error" owner="BuiltIn">
<kw name="Get Employee Via API">
<kw name="GET On Session" owner="RequestsLibrary">
<msg time="2025-04-04T02:48:42.155205" level="INFO">GET Request : url=http://localhost:8000/employees/80 
 path_url=/employees/80 
 headers={'User-Agent': 'python-requests/2.32.3', 'Accept-Encoding': 'gzip, deflate, zstd', 'Accept': '*/*', 'Connection': 'keep-alive'} 
 body=None 
 </msg>
<msg time="2025-04-04T02:48:42.155296" level="INFO">GET Response : url=http://localhost:8000/employees/80 
 status=404, reason=Not Found 
 headers={'date': 'Thu, 03 Apr 2025 21:18:41 GMT', 'server': 'uvicorn', 'content-length': '31', 'content-type': 'application/json'} 
 body={"detail":"Employee not found"} 
 </msg>
<msg time="2025-04-04T02:48:42.155421" level="INFO">${response} = &lt;Response [404]&gt;</msg>
<var>${response}</var>
<arg>employee_api</arg>
<arg>/employees/${employee_id}</arg>
<arg>expected_status=404</arg>
<doc>Sends a GET request on a previously created HTTP Session.</doc>
<status status="PASS" start="2025-04-04T02:48:42.151013" elapsed="0.004441"/>
</kw>
<arg>${employee_id2}</arg>
<status status="PASS" start="2025-04-04T02:48:42.150702" elapsed="0.004858"/>
</kw>
<arg>Get Employee Via API</arg>
<arg>${employee_id2}</arg>
<doc>Runs the given keyword with the given arguments and ignores possible error.</doc>
<status status="PASS" start="2025-04-04T02:48:42.150499" elapsed="0.005131"/>
</kw>
<status status="PASS" start="2025-04-04T02:48:33.507371" elapsed="8.648374"/>
</test>
<test id="s1-t7" name="Verify Page Titles" line="200">
<kw name="Go To" owner="SeleniumLibrary">
<msg time="2025-04-04T02:48:42.156439" level="INFO">Opening url 'http://localhost:8080'</msg>
<arg>${FRONTEND_URL}</arg>
<doc>Navigates the current browser window to the provided ``url``.</doc>
<status status="PASS" start="2025-04-04T02:48:42.156276" elapsed="0.170082"/>
</kw>
<kw name="Wait Until Element Is Visible" owner="SeleniumLibrary">
<arg>css:.navbar-brand</arg>
<doc>Waits until the element ``locator`` is visible.</doc>
<status status="PASS" start="2025-04-04T02:48:42.326676" elapsed="0.029562"/>
</kw>
<kw name="Verify Page Title">
<kw name="Get Title" owner="SeleniumLibrary">
<msg time="2025-04-04T02:48:42.364122" level="INFO">${title} = Employee System</msg>
<var>${title}</var>
<doc>Returns the title of the current page.</doc>
<status status="PASS" start="2025-04-04T02:48:42.356697" elapsed="0.007514"/>
</kw>
<kw name="Should Be Equal" owner="BuiltIn">
<arg>${title}</arg>
<arg>Employee System</arg>
<doc>Fails if the given objects are unequal.</doc>
<status status="PASS" start="2025-04-04T02:48:42.364516" elapsed="0.000260"/>
</kw>
<kw name="Element Text Should Be" owner="SeleniumLibrary">
<msg time="2025-04-04T02:48:42.365079" level="INFO">Verifying element 'css:.navbar-brand' contains exact text 'Employee System'.</msg>
<arg>css:.navbar-brand</arg>
<arg>Employee System</arg>
<doc>Verifies that element ``locator`` contains exact the text ``expected``.</doc>
<status status="PASS" start="2025-04-04T02:48:42.364905" elapsed="0.021089"/>
</kw>
<status status="PASS" start="2025-04-04T02:48:42.356443" elapsed="0.029679"/>
</kw>
<status status="PASS" start="2025-04-04T02:48:42.155970" elapsed="0.230269"/>
</test>
<kw name="Close All Browsers" owner="SeleniumLibrary" type="TEARDOWN">
<doc>Closes all open browsers and resets the browser cache.</doc>
<status status="PASS" start="2025-04-04T02:48:42.386793" elapsed="6.348243"/>
</kw>
<status status="PASS" start="2025-04-04T02:48:24.121520" elapsed="24.613771"/>
</suite>
<statistics>
<total>
<stat pass="7" fail="0" skip="0">All Tests</stat>
</total>
<tag>
</tag>
<suite>
<stat name="Employee Tests" id="s1" pass="7" fail="0" skip="0">Employee Tests</stat>
</suite>
</statistics>
<errors>
</errors>
</robot>
