<?xml version="1.0" encoding="UTF-8"?>
<robot generator="Robot 7.2.2 (Python 3.13.2 on win32)" generated="2025-04-04T03:55:12.399995" rpa="false" schemaversion="5">
<suite id="s1" name="Employee Tests" source="E:\ERP\dev\CursorAI\auto-dev\employee_tests.robot">
<kw name="Setup Test Suite" type="SETUP">
<kw name="Create Session" owner="RequestsLibrary">
<msg time="2025-04-04T03:55:13.560205" level="INFO">Creating Session using : alias=employee_api, url=http://localhost:8000, headers={},                     cookies={}, auth=None, timeout=None, proxies=None, verify=True,                     debug=0 </msg>
<arg>employee_api</arg>
<arg>${BASE_URL}</arg>
<arg>verify=True</arg>
<doc>Create Session: create a HTTP session to a server</doc>
<status status="PASS" start="2025-04-04T03:55:13.559969" elapsed="0.000441"/>
</kw>
<kw name="Open Browser" owner="SeleniumLibrary">
<msg time="2025-04-04T03:55:13.560820" level="INFO">Opening browser 'edge' to base url 'http://localhost:8080'.</msg>
<msg time="2025-04-04T03:55:13.566354" level="INFO">Applicable driver not found; attempting to install with Selenium Manager (Beta)</msg>
<arg>${FRONTEND_URL}</arg>
<arg>${BROWSER}</arg>
<doc>Opens a new browser instance to the optional ``url``.</doc>
<status status="PASS" start="2025-04-04T03:55:13.560587" elapsed="1.942486"/>
</kw>
<kw name="Maximize Browser Window" owner="SeleniumLibrary">
<doc>Maximizes current browser window.</doc>
<status status="PASS" start="2025-04-04T03:55:15.503319" elapsed="0.052065"/>
</kw>
<status status="PASS" start="2025-04-04T03:55:13.558847" elapsed="1.996813"/>
</kw>
<test id="s1-t1" name="Create New Employee Via API" line="134">
<kw name="Generate Random Employee Data">
<kw name="Name" owner="FakerLibrary">
<msg time="2025-04-04T03:55:15.558749" level="INFO">${name} = Barbara Collins</msg>
<var>${name}</var>
<doc>:example: 'John Doe'</doc>
<status status="PASS" start="2025-04-04T03:55:15.557918" elapsed="0.000901"/>
</kw>
<kw name="Job" owner="FakerLibrary">
<msg time="2025-04-04T03:55:15.559507" level="INFO">${department} = Social researcher</msg>
<var>${department}</var>
<status status="PASS" start="2025-04-04T03:55:15.559100" elapsed="0.000527"/>
</kw>
<kw name="Job" owner="FakerLibrary">
<msg time="2025-04-04T03:55:15.560483" level="INFO">${position} = Set designer</msg>
<var>${position}</var>
<status status="PASS" start="2025-04-04T03:55:15.559906" elapsed="0.000698"/>
</kw>
<kw name="Create Dictionary" owner="BuiltIn">
<msg time="2025-04-04T03:55:15.565127" level="INFO">&amp;{employee} = { name=Barbara Collins | department=Social researcher | position=Set designer }</msg>
<var>&amp;{employee}</var>
<arg>name=${name}</arg>
<arg>department=${department}</arg>
<arg>position=${position}</arg>
<doc>Creates and returns a dictionary based on the given ``items``.</doc>
<status status="PASS" start="2025-04-04T03:55:15.561422" elapsed="0.003887"/>
</kw>
<return>
<value>&amp;{employee}</value>
<status status="PASS" start="2025-04-04T03:55:15.565814" elapsed="0.000364"/>
</return>
<msg time="2025-04-04T03:55:15.567879" level="INFO">${employee_data} = {'name': 'Barbara Collins', 'department': 'Social researcher', 'position': 'Set designer'}</msg>
<var>${employee_data}</var>
<status status="PASS" start="2025-04-04T03:55:15.557320" elapsed="0.010791"/>
</kw>
<kw name="Create Employee Via API">
<kw name="POST On Session" owner="RequestsLibrary">
<msg time="2025-04-04T03:55:17.613350" level="INFO">POST Request : url=http://localhost:8000/employees/ 
 path_url=/employees/ 
 headers={'User-Agent': 'python-requests/2.32.3', 'Accept-Encoding': 'gzip, deflate, zstd', 'Accept': '*/*', 'Connection': 'keep-alive', 'Content-Length': '90', 'Content-Type': 'application/json'} 
 body=b'{"name": "Barbara Collins", "department": "Social researcher", "position": "Set designer"}' 
 </msg>
<msg time="2025-04-04T03:55:17.613485" level="INFO">POST Response : url=http://localhost:8000/employees/ 
 status=201, reason=Created 
 headers={'date': 'Thu, 03 Apr 2025 22:25:16 GMT', 'server': 'uvicorn', 'content-length': '93', 'content-type': 'application/json'} 
 body={"name":"Barbara Collins","department":"Social researcher","position":"Set designer","id":55} 
 </msg>
<msg time="2025-04-04T03:55:17.613632" level="INFO">${response} = &lt;Response [201]&gt;</msg>
<var>${response}</var>
<arg>employee_api</arg>
<arg>/employees/</arg>
<arg>json=${employee_data}</arg>
<doc>Sends a POST request on a previously created HTTP Session.</doc>
<status status="PASS" start="2025-04-04T03:55:15.570407" elapsed="2.043264"/>
</kw>
<kw name="Status Should Be" owner="RequestsLibrary">
<arg>201</arg>
<arg>${response}</arg>
<doc>Fails if response status code is different than the expected.</doc>
<status status="PASS" start="2025-04-04T03:55:17.613881" elapsed="0.000285"/>
</kw>
<return>
<value>${response.json()}</value>
<status status="PASS" start="2025-04-04T03:55:17.614254" elapsed="0.000070"/>
</return>
<msg time="2025-04-04T03:55:17.614955" level="INFO">${response} = {'name': 'Barbara Collins', 'department': 'Social researcher', 'position': 'Set designer', 'id': 55}</msg>
<var>${response}</var>
<arg>${employee_data}</arg>
<status status="PASS" start="2025-04-04T03:55:15.569034" elapsed="2.045964"/>
</kw>
<kw name="Convert To String" owner="BuiltIn">
<msg time="2025-04-04T03:55:17.615391" level="INFO">${id_str} = 55</msg>
<var>${id_str}</var>
<arg>${response}[id]</arg>
<doc>Converts the given item to a Unicode string.</doc>
<status status="PASS" start="2025-04-04T03:55:17.615149" elapsed="0.000278"/>
</kw>
<kw name="Should Not Be Empty" owner="BuiltIn">
<msg time="2025-04-04T03:55:17.615717" level="INFO">Length is 2.</msg>
<arg>${id_str}</arg>
<doc>Verifies that the given item is not empty.</doc>
<status status="PASS" start="2025-04-04T03:55:17.615564" elapsed="0.000211"/>
</kw>
<kw name="Should Be Equal As Strings" owner="BuiltIn">
<arg>${response}[name]</arg>
<arg>${employee_data}[name]</arg>
<doc>Fails if objects are unequal after converting them to strings.</doc>
<status status="PASS" start="2025-04-04T03:55:17.615903" elapsed="0.000254"/>
</kw>
<kw name="Should Be Equal As Strings" owner="BuiltIn">
<arg>${response}[department]</arg>
<arg>${employee_data}[department]</arg>
<doc>Fails if objects are unequal after converting them to strings.</doc>
<status status="PASS" start="2025-04-04T03:55:17.616295" elapsed="0.000240"/>
</kw>
<kw name="Should Be Equal As Strings" owner="BuiltIn">
<arg>${response}[position]</arg>
<arg>${employee_data}[position]</arg>
<doc>Fails if objects are unequal after converting them to strings.</doc>
<status status="PASS" start="2025-04-04T03:55:17.616671" elapsed="0.000221"/>
</kw>
<status status="PASS" start="2025-04-04T03:55:15.555971" elapsed="2.061064"/>
</test>
<test id="s1-t2" name="Create New Employee Via UI" line="144">
<kw name="Generate Random Employee Data">
<kw name="Name" owner="FakerLibrary">
<msg time="2025-04-04T03:55:17.618426" level="INFO">${name} = Scott Moore</msg>
<var>${name}</var>
<doc>:example: 'John Doe'</doc>
<status status="PASS" start="2025-04-04T03:55:17.617992" elapsed="0.000474"/>
</kw>
<kw name="Job" owner="FakerLibrary">
<msg time="2025-04-04T03:55:17.618766" level="INFO">${department} = Engineer, technical sales</msg>
<var>${department}</var>
<status status="PASS" start="2025-04-04T03:55:17.618601" elapsed="0.000200"/>
</kw>
<kw name="Job" owner="FakerLibrary">
<msg time="2025-04-04T03:55:17.619087" level="INFO">${position} = Press photographer</msg>
<var>${position}</var>
<status status="PASS" start="2025-04-04T03:55:17.618925" elapsed="0.000197"/>
</kw>
<kw name="Create Dictionary" owner="BuiltIn">
<msg time="2025-04-04T03:55:17.619622" level="INFO">&amp;{employee} = { name=Scott Moore | department=Engineer, technical sales | position=Press photographer }</msg>
<var>&amp;{employee}</var>
<arg>name=${name}</arg>
<arg>department=${department}</arg>
<arg>position=${position}</arg>
<doc>Creates and returns a dictionary based on the given ``items``.</doc>
<status status="PASS" start="2025-04-04T03:55:17.619260" elapsed="0.000401"/>
</kw>
<return>
<value>&amp;{employee}</value>
<status status="PASS" start="2025-04-04T03:55:17.619864" elapsed="0.000055"/>
</return>
<msg time="2025-04-04T03:55:17.620111" level="INFO">${employee_data} = {'name': 'Scott Moore', 'department': 'Engineer, technical sales', 'position': 'Press photographer'}</msg>
<var>${employee_data}</var>
<status status="PASS" start="2025-04-04T03:55:17.617739" elapsed="0.002410"/>
</kw>
<kw name="Create Employee Via UI">
<kw name="Click Element" owner="SeleniumLibrary">
<msg time="2025-04-04T03:55:17.620996" level="INFO">Clicking element 'css:button[onclick='showAddModal()']'.</msg>
<arg>${ADD_EMPLOYEE_BTN}</arg>
<doc>Click the element identified by ``locator``.</doc>
<status status="PASS" start="2025-04-04T03:55:17.620634" elapsed="0.081842"/>
</kw>
<kw name="Wait Until Element Is Visible" owner="SeleniumLibrary">
<arg>${NAME_INPUT}</arg>
<doc>Waits until the element ``locator`` is visible.</doc>
<status status="PASS" start="2025-04-04T03:55:17.702697" elapsed="0.261370"/>
</kw>
<kw name="Input Text" owner="SeleniumLibrary">
<msg time="2025-04-04T03:55:17.964554" level="INFO">Typing text 'Scott Moore' into text field 'id:name'.</msg>
<arg>${NAME_INPUT}</arg>
<arg>${employee_data}[name]</arg>
<doc>Types the given ``text`` into the text field identified by ``locator``.</doc>
<status status="PASS" start="2025-04-04T03:55:17.964266" elapsed="0.129431"/>
</kw>
<kw name="Input Text" owner="SeleniumLibrary">
<msg time="2025-04-04T03:55:18.094219" level="INFO">Typing text 'Engineer, technical sales' into text field 'id:department'.</msg>
<arg>${DEPARTMENT_INPUT}</arg>
<arg>${employee_data}[department]</arg>
<doc>Types the given ``text`` into the text field identified by ``locator``.</doc>
<status status="PASS" start="2025-04-04T03:55:18.093917" elapsed="0.135155"/>
</kw>
<kw name="Input Text" owner="SeleniumLibrary">
<msg time="2025-04-04T03:55:18.229547" level="INFO">Typing text 'Press photographer' into text field 'id:position'.</msg>
<arg>${POSITION_INPUT}</arg>
<arg>${employee_data}[position]</arg>
<doc>Types the given ``text`` into the text field identified by ``locator``.</doc>
<status status="PASS" start="2025-04-04T03:55:18.229275" elapsed="0.174362"/>
</kw>
<kw name="Click Element" owner="SeleniumLibrary">
<msg time="2025-04-04T03:55:18.404103" level="INFO">Clicking element 'css:button[onclick='saveEmployee()']'.</msg>
<arg>${SAVE_BTN}</arg>
<doc>Click the element identified by ``locator``.</doc>
<status status="PASS" start="2025-04-04T03:55:18.403838" elapsed="0.069562"/>
</kw>
<kw name="Wait Until Page Contains" owner="SeleniumLibrary">
<arg>${employee_data}[name]</arg>
<doc>Waits until ``text`` appears on the current page.</doc>
<status status="PASS" start="2025-04-04T03:55:18.473669" elapsed="0.238081"/>
</kw>
<arg>${employee_data}</arg>
<status status="PASS" start="2025-04-04T03:55:17.620318" elapsed="1.091560"/>
</kw>
<kw name="Verify Employee Exists">
<kw name="Page Should Contain" owner="SeleniumLibrary">
<msg time="2025-04-04T03:55:18.767496" level="INFO">Current page contains text 'Scott Moore'.</msg>
<arg>${employee_name}</arg>
<doc>Verifies that current page contains ``text``.</doc>
<status status="PASS" start="2025-04-04T03:55:18.712369" elapsed="0.055297"/>
</kw>
<arg>${employee_data}[name]</arg>
<status status="PASS" start="2025-04-04T03:55:18.712047" elapsed="0.055874"/>
</kw>
<status status="PASS" start="2025-04-04T03:55:17.617325" elapsed="1.150928"/>
</test>
<test id="s1-t3" name="Search Employee" line="149">
<kw name="Generate Random Employee Data">
<kw name="Name" owner="FakerLibrary">
<msg time="2025-04-04T03:55:18.771704" level="INFO">${name} = Teresa Williams</msg>
<var>${name}</var>
<doc>:example: 'John Doe'</doc>
<status status="PASS" start="2025-04-04T03:55:18.771003" elapsed="0.000754"/>
</kw>
<kw name="Job" owner="FakerLibrary">
<msg time="2025-04-04T03:55:18.772275" level="INFO">${department} = Education officer, museum</msg>
<var>${department}</var>
<status status="PASS" start="2025-04-04T03:55:18.771969" elapsed="0.000347"/>
</kw>
<kw name="Job" owner="FakerLibrary">
<msg time="2025-04-04T03:55:18.772737" level="INFO">${position} = Psychotherapist</msg>
<var>${position}</var>
<status status="PASS" start="2025-04-04T03:55:18.772494" elapsed="0.000293"/>
</kw>
<kw name="Create Dictionary" owner="BuiltIn">
<msg time="2025-04-04T03:55:18.773484" level="INFO">&amp;{employee} = { name=Teresa Williams | department=Education officer, museum | position=Psychotherapist }</msg>
<var>&amp;{employee}</var>
<arg>name=${name}</arg>
<arg>department=${department}</arg>
<arg>position=${position}</arg>
<doc>Creates and returns a dictionary based on the given ``items``.</doc>
<status status="PASS" start="2025-04-04T03:55:18.772982" elapsed="0.000552"/>
</kw>
<return>
<value>&amp;{employee}</value>
<status status="PASS" start="2025-04-04T03:55:18.773617" elapsed="0.000068"/>
</return>
<msg time="2025-04-04T03:55:18.773852" level="INFO">${employee_data} = {'name': 'Teresa Williams', 'department': 'Education officer, museum', 'position': 'Psychotherapist'}</msg>
<var>${employee_data}</var>
<status status="PASS" start="2025-04-04T03:55:18.770518" elapsed="0.003366"/>
</kw>
<kw name="Create Employee Via UI">
<kw name="Click Element" owner="SeleniumLibrary">
<msg time="2025-04-04T03:55:18.777433" level="INFO">Clicking element 'css:button[onclick='showAddModal()']'.</msg>
<arg>${ADD_EMPLOYEE_BTN}</arg>
<doc>Click the element identified by ``locator``.</doc>
<status status="PASS" start="2025-04-04T03:55:18.777056" elapsed="0.099344"/>
</kw>
<kw name="Wait Until Element Is Visible" owner="SeleniumLibrary">
<arg>${NAME_INPUT}</arg>
<doc>Waits until the element ``locator`` is visible.</doc>
<status status="PASS" start="2025-04-04T03:55:18.876596" elapsed="0.247593"/>
</kw>
<kw name="Input Text" owner="SeleniumLibrary">
<msg time="2025-04-04T03:55:19.124627" level="INFO">Typing text 'Teresa Williams' into text field 'id:name'.</msg>
<arg>${NAME_INPUT}</arg>
<arg>${employee_data}[name]</arg>
<doc>Types the given ``text`` into the text field identified by ``locator``.</doc>
<status status="PASS" start="2025-04-04T03:55:19.124373" elapsed="0.145823"/>
</kw>
<kw name="Input Text" owner="SeleniumLibrary">
<msg time="2025-04-04T03:55:19.271512" level="INFO">Typing text 'Education officer, museum' into text field 'id:department'.</msg>
<arg>${DEPARTMENT_INPUT}</arg>
<arg>${employee_data}[department]</arg>
<doc>Types the given ``text`` into the text field identified by ``locator``.</doc>
<status status="PASS" start="2025-04-04T03:55:19.271028" elapsed="0.166004"/>
</kw>
<kw name="Input Text" owner="SeleniumLibrary">
<msg time="2025-04-04T03:55:19.437756" level="INFO">Typing text 'Psychotherapist' into text field 'id:position'.</msg>
<arg>${POSITION_INPUT}</arg>
<arg>${employee_data}[position]</arg>
<doc>Types the given ``text`` into the text field identified by ``locator``.</doc>
<status status="PASS" start="2025-04-04T03:55:19.437331" elapsed="0.100440"/>
</kw>
<kw name="Click Element" owner="SeleniumLibrary">
<msg time="2025-04-04T03:55:19.538211" level="INFO">Clicking element 'css:button[onclick='saveEmployee()']'.</msg>
<arg>${SAVE_BTN}</arg>
<doc>Click the element identified by ``locator``.</doc>
<status status="PASS" start="2025-04-04T03:55:19.537971" elapsed="0.071902"/>
</kw>
<kw name="Wait Until Page Contains" owner="SeleniumLibrary">
<arg>${employee_data}[name]</arg>
<doc>Waits until ``text`` appears on the current page.</doc>
<status status="PASS" start="2025-04-04T03:55:19.610069" elapsed="0.260420"/>
</kw>
<arg>${employee_data}</arg>
<status status="PASS" start="2025-04-04T03:55:18.774046" elapsed="1.096974"/>
</kw>
<kw name="Search Employee">
<kw name="Input Text" owner="SeleniumLibrary">
<msg time="2025-04-04T03:55:19.873229" level="INFO">Typing text 'Teresa Williams' into text field 'id:searchInput'.</msg>
<arg>${SEARCH_INPUT}</arg>
<arg>${search_term}</arg>
<doc>Types the given ``text`` into the text field identified by ``locator``.</doc>
<status status="PASS" start="2025-04-04T03:55:19.872536" elapsed="0.225560"/>
</kw>
<kw name="Sleep" owner="BuiltIn">
<msg time="2025-04-04T03:55:21.099588" level="INFO">Slept 1 second.</msg>
<arg>1s</arg>
<doc>Pauses the test executed for the given time.</doc>
<status status="PASS" start="2025-04-04T03:55:20.098756" elapsed="1.000979"/>
</kw>
<arg>${employee_data}[name]</arg>
<status status="PASS" start="2025-04-04T03:55:19.871531" elapsed="1.228354"/>
</kw>
<kw name="Verify Employee Exists">
<kw name="Page Should Contain" owner="SeleniumLibrary">
<msg time="2025-04-04T03:55:21.121994" level="INFO">Current page contains text 'Teresa Williams'.</msg>
<arg>${employee_name}</arg>
<doc>Verifies that current page contains ``text``.</doc>
<status status="PASS" start="2025-04-04T03:55:21.100597" elapsed="0.021486"/>
</kw>
<arg>${employee_data}[name]</arg>
<status status="PASS" start="2025-04-04T03:55:21.100122" elapsed="0.022053"/>
</kw>
<status status="PASS" start="2025-04-04T03:55:18.769146" elapsed="2.353145"/>
</test>
<test id="s1-t4" name="Update Employee" line="155">
<kw name="Generate Random Employee Data">
<kw name="Name" owner="FakerLibrary">
<msg time="2025-04-04T03:55:21.123489" level="INFO">${name} = Selena Haas</msg>
<var>${name}</var>
<doc>:example: 'John Doe'</doc>
<status status="PASS" start="2025-04-04T03:55:21.123056" elapsed="0.000475"/>
</kw>
<kw name="Job" owner="FakerLibrary">
<msg time="2025-04-04T03:55:21.123816" level="INFO">${department} = Social research officer, government</msg>
<var>${department}</var>
<status status="PASS" start="2025-04-04T03:55:21.123663" elapsed="0.000186"/>
</kw>
<kw name="Job" owner="FakerLibrary">
<msg time="2025-04-04T03:55:21.124111" level="INFO">${position} = Civil Service fast streamer</msg>
<var>${position}</var>
<status status="PASS" start="2025-04-04T03:55:21.123985" elapsed="0.000153"/>
</kw>
<kw name="Create Dictionary" owner="BuiltIn">
<msg time="2025-04-04T03:55:21.124534" level="INFO">&amp;{employee} = { name=Selena Haas | department=Social research officer, government | position=Civil Service fast streamer }</msg>
<var>&amp;{employee}</var>
<arg>name=${name}</arg>
<arg>department=${department}</arg>
<arg>position=${position}</arg>
<doc>Creates and returns a dictionary based on the given ``items``.</doc>
<status status="PASS" start="2025-04-04T03:55:21.124249" elapsed="0.000317"/>
</kw>
<return>
<value>&amp;{employee}</value>
<status status="PASS" start="2025-04-04T03:55:21.124632" elapsed="0.000049"/>
</return>
<msg time="2025-04-04T03:55:21.124830" level="INFO">${employee_data} = {'name': 'Selena Haas', 'department': 'Social research officer, government', 'position': 'Civil Service fast streamer'}</msg>
<var>${employee_data}</var>
<status status="PASS" start="2025-04-04T03:55:21.122823" elapsed="0.002036"/>
</kw>
<kw name="Create Employee Via API">
<kw name="POST On Session" owner="RequestsLibrary">
<msg time="2025-04-04T03:55:21.147275" level="INFO">POST Request : url=http://localhost:8000/employees/ 
 path_url=/employees/ 
 headers={'User-Agent': 'python-requests/2.32.3', 'Accept-Encoding': 'gzip, deflate, zstd', 'Accept': '*/*', 'Connection': 'keep-alive', 'Content-Length': '119', 'Content-Type': 'application/json'} 
 body=b'{"name": "Selena Haas", "department": "Social research officer, government", "position": "Civil Service fast streamer"}' 
 </msg>
<msg time="2025-04-04T03:55:21.147356" level="INFO">POST Response : url=http://localhost:8000/employees/ 
 status=201, reason=Created 
 headers={'date': 'Thu, 03 Apr 2025 22:25:20 GMT', 'server': 'uvicorn', 'content-length': '122', 'content-type': 'application/json'} 
 body={"name":"Selena Haas","department":"Social research officer, government","position":"Civil Service fast streamer","id":58} 
 </msg>
<msg time="2025-04-04T03:55:21.147484" level="INFO">${response} = &lt;Response [201]&gt;</msg>
<var>${response}</var>
<arg>employee_api</arg>
<arg>/employees/</arg>
<arg>json=${employee_data}</arg>
<doc>Sends a POST request on a previously created HTTP Session.</doc>
<status status="PASS" start="2025-04-04T03:55:21.125236" elapsed="0.022279"/>
</kw>
<kw name="Status Should Be" owner="RequestsLibrary">
<arg>201</arg>
<arg>${response}</arg>
<doc>Fails if response status code is different than the expected.</doc>
<status status="PASS" start="2025-04-04T03:55:21.147681" elapsed="0.000200"/>
</kw>
<return>
<value>${response.json()}</value>
<status status="PASS" start="2025-04-04T03:55:21.147947" elapsed="0.000044"/>
</return>
<msg time="2025-04-04T03:55:21.148478" level="INFO">${response} = {'name': 'Selena Haas', 'department': 'Social research officer, government', 'position': 'Civil Service fast streamer', 'id': 58}</msg>
<var>${response}</var>
<arg>${employee_data}</arg>
<status status="PASS" start="2025-04-04T03:55:21.125001" elapsed="0.023511"/>
</kw>
<kw name="Set Variable" owner="BuiltIn">
<msg time="2025-04-04T03:55:21.148800" level="INFO">${employee_id} = 58</msg>
<var>${employee_id}</var>
<arg>${response}[id]</arg>
<doc>Returns the given values which can then be assigned to a variables.</doc>
<status status="PASS" start="2025-04-04T03:55:21.148637" elapsed="0.000193"/>
</kw>
<kw name="Generate Random Employee Data">
<kw name="Name" owner="FakerLibrary">
<msg time="2025-04-04T03:55:21.149521" level="INFO">${name} = Joshua Frazier</msg>
<var>${name}</var>
<doc>:example: 'John Doe'</doc>
<status status="PASS" start="2025-04-04T03:55:21.149199" elapsed="0.000352"/>
</kw>
<kw name="Job" owner="FakerLibrary">
<msg time="2025-04-04T03:55:21.149776" level="INFO">${department} = Warden/ranger</msg>
<var>${department}</var>
<status status="PASS" start="2025-04-04T03:55:21.149649" elapsed="0.000154"/>
</kw>
<kw name="Job" owner="FakerLibrary">
<msg time="2025-04-04T03:55:21.150012" level="INFO">${position} = Conservator, furniture</msg>
<var>${position}</var>
<status status="PASS" start="2025-04-04T03:55:21.149892" elapsed="0.000147"/>
</kw>
<kw name="Create Dictionary" owner="BuiltIn">
<msg time="2025-04-04T03:55:21.150421" level="INFO">&amp;{employee} = { name=Joshua Frazier | department=Warden/ranger | position=Conservator, furniture }</msg>
<var>&amp;{employee}</var>
<arg>name=${name}</arg>
<arg>department=${department}</arg>
<arg>position=${position}</arg>
<doc>Creates and returns a dictionary based on the given ``items``.</doc>
<status status="PASS" start="2025-04-04T03:55:21.150143" elapsed="0.000309"/>
</kw>
<return>
<value>&amp;{employee}</value>
<status status="PASS" start="2025-04-04T03:55:21.150514" elapsed="0.000034"/>
</return>
<msg time="2025-04-04T03:55:21.150689" level="INFO">${updated_data} = {'name': 'Joshua Frazier', 'department': 'Warden/ranger', 'position': 'Conservator, furniture'}</msg>
<var>${updated_data}</var>
<status status="PASS" start="2025-04-04T03:55:21.149002" elapsed="0.001715"/>
</kw>
<kw name="Update Employee Via API">
<kw name="PUT On Session" owner="RequestsLibrary">
<msg time="2025-04-04T03:55:21.176230" level="INFO">PUT Request : url=http://localhost:8000/employees/58 
 path_url=/employees/58 
 headers={'User-Agent': 'python-requests/2.32.3', 'Accept-Encoding': 'gzip, deflate, zstd', 'Accept': '*/*', 'Connection': 'keep-alive', 'Content-Length': '95', 'Content-Type': 'application/json'} 
 body=b'{"name": "Joshua Frazier", "department": "Warden/ranger", "position": "Conservator, furniture"}' 
 </msg>
<msg time="2025-04-04T03:55:21.176566" level="INFO">PUT Response : url=http://localhost:8000/employees/58 
 status=200, reason=OK 
 headers={'date': 'Thu, 03 Apr 2025 22:25:20 GMT', 'server': 'uvicorn', 'content-length': '98', 'content-type': 'application/json'} 
 body={"name":"Joshua Frazier","department":"Warden/ranger","position":"Conservator, furniture","id":58} 
 </msg>
<msg time="2025-04-04T03:55:21.177010" level="INFO">${response} = &lt;Response [200]&gt;</msg>
<var>${response}</var>
<arg>employee_api</arg>
<arg>/employees/${employee_id}</arg>
<arg>json=${employee_data}</arg>
<doc>Sends a PUT request on a previously created HTTP Session.</doc>
<status status="PASS" start="2025-04-04T03:55:21.151096" elapsed="0.026042"/>
</kw>
<kw name="Status Should Be" owner="RequestsLibrary">
<arg>200</arg>
<arg>${response}</arg>
<doc>Fails if response status code is different than the expected.</doc>
<status status="PASS" start="2025-04-04T03:55:21.177937" elapsed="0.000770"/>
</kw>
<return>
<value>${response.json()}</value>
<status status="PASS" start="2025-04-04T03:55:21.179000" elapsed="0.000171"/>
</return>
<msg time="2025-04-04T03:55:21.180401" level="INFO">${update_response} = {'name': 'Joshua Frazier', 'department': 'Warden/ranger', 'position': 'Conservator, furniture', 'id': 58}</msg>
<var>${update_response}</var>
<arg>${employee_id}</arg>
<arg>${updated_data}</arg>
<status status="PASS" start="2025-04-04T03:55:21.150841" elapsed="0.029679"/>
</kw>
<kw name="Should Be Equal" owner="BuiltIn">
<arg>${update_response}[name]</arg>
<arg>${updated_data}[name]</arg>
<doc>Fails if the given objects are unequal.</doc>
<status status="PASS" start="2025-04-04T03:55:21.180908" elapsed="0.000574"/>
</kw>
<status status="PASS" start="2025-04-04T03:55:21.122499" elapsed="0.059295"/>
</test>
<test id="s1-t5" name="Delete Employee" line="164">
<kw name="Generate Random Employee Data">
<kw name="Name" owner="FakerLibrary">
<msg time="2025-04-04T03:55:21.184646" level="INFO">${name} = Rachel Morales</msg>
<var>${name}</var>
<doc>:example: 'John Doe'</doc>
<status status="PASS" start="2025-04-04T03:55:21.183777" elapsed="0.000939"/>
</kw>
<kw name="Job" owner="FakerLibrary">
<msg time="2025-04-04T03:55:21.185906" level="INFO">${department} = Commissioning editor</msg>
<var>${department}</var>
<status status="PASS" start="2025-04-04T03:55:21.185205" elapsed="0.000798"/>
</kw>
<kw name="Job" owner="FakerLibrary">
<msg time="2025-04-04T03:55:21.187169" level="INFO">${position} = Counsellor</msg>
<var>${position}</var>
<status status="PASS" start="2025-04-04T03:55:21.186532" elapsed="0.000773"/>
</kw>
<kw name="Create Dictionary" owner="BuiltIn">
<msg time="2025-04-04T03:55:21.188945" level="INFO">&amp;{employee} = { name=Rachel Morales | department=Commissioning editor | position=Counsellor }</msg>
<var>&amp;{employee}</var>
<arg>name=${name}</arg>
<arg>department=${department}</arg>
<arg>position=${position}</arg>
<doc>Creates and returns a dictionary based on the given ``items``.</doc>
<status status="PASS" start="2025-04-04T03:55:21.187746" elapsed="0.001351"/>
</kw>
<return>
<value>&amp;{employee}</value>
<status status="PASS" start="2025-04-04T03:55:21.189314" elapsed="0.000132"/>
</return>
<msg time="2025-04-04T03:55:21.189911" level="INFO">${employee_data} = {'name': 'Rachel Morales', 'department': 'Commissioning editor', 'position': 'Counsellor'}</msg>
<var>${employee_data}</var>
<status status="PASS" start="2025-04-04T03:55:21.183222" elapsed="0.006777"/>
</kw>
<kw name="Create Employee Via API">
<kw name="POST On Session" owner="RequestsLibrary">
<msg time="2025-04-04T03:55:21.213665" level="INFO">POST Request : url=http://localhost:8000/employees/ 
 path_url=/employees/ 
 headers={'User-Agent': 'python-requests/2.32.3', 'Accept-Encoding': 'gzip, deflate, zstd', 'Accept': '*/*', 'Connection': 'keep-alive', 'Content-Length': '90', 'Content-Type': 'application/json'} 
 body=b'{"name": "Rachel Morales", "department": "Commissioning editor", "position": "Counsellor"}' 
 </msg>
<msg time="2025-04-04T03:55:21.213746" level="INFO">POST Response : url=http://localhost:8000/employees/ 
 status=201, reason=Created 
 headers={'date': 'Thu, 03 Apr 2025 22:25:21 GMT', 'server': 'uvicorn', 'content-length': '93', 'content-type': 'application/json'} 
 body={"name":"Rachel Morales","department":"Commissioning editor","position":"Counsellor","id":59} 
 </msg>
<msg time="2025-04-04T03:55:21.213864" level="INFO">${response} = &lt;Response [201]&gt;</msg>
<var>${response}</var>
<arg>employee_api</arg>
<arg>/employees/</arg>
<arg>json=${employee_data}</arg>
<doc>Sends a POST request on a previously created HTTP Session.</doc>
<status status="PASS" start="2025-04-04T03:55:21.191209" elapsed="0.022686"/>
</kw>
<kw name="Status Should Be" owner="RequestsLibrary">
<arg>201</arg>
<arg>${response}</arg>
<doc>Fails if response status code is different than the expected.</doc>
<status status="PASS" start="2025-04-04T03:55:21.214089" elapsed="0.000202"/>
</kw>
<return>
<value>${response.json()}</value>
<status status="PASS" start="2025-04-04T03:55:21.214360" elapsed="0.000046"/>
</return>
<msg time="2025-04-04T03:55:21.214891" level="INFO">${response} = {'name': 'Rachel Morales', 'department': 'Commissioning editor', 'position': 'Counsellor', 'id': 59}</msg>
<var>${response}</var>
<arg>${employee_data}</arg>
<status status="PASS" start="2025-04-04T03:55:21.190421" elapsed="0.024506"/>
</kw>
<kw name="Set Variable" owner="BuiltIn">
<msg time="2025-04-04T03:55:21.215234" level="INFO">${employee_id} = 59</msg>
<var>${employee_id}</var>
<arg>${response}[id]</arg>
<doc>Returns the given values which can then be assigned to a variables.</doc>
<status status="PASS" start="2025-04-04T03:55:21.215061" elapsed="0.000203"/>
</kw>
<kw name="Delete Employee Via API">
<kw name="DELETE On Session" owner="RequestsLibrary">
<msg time="2025-04-04T03:55:21.236058" level="INFO">DELETE Request : url=http://localhost:8000/employees/59 
 path_url=/employees/59 
 headers={'User-Agent': 'python-requests/2.32.3', 'Accept-Encoding': 'gzip, deflate, zstd', 'Accept': '*/*', 'Connection': 'keep-alive', 'Content-Length': '0'} 
 body=None 
 </msg>
<msg time="2025-04-04T03:55:21.236139" level="INFO">DELETE Response : url=http://localhost:8000/employees/59 
 status=200, reason=OK 
 headers={'date': 'Thu, 03 Apr 2025 22:25:21 GMT', 'server': 'uvicorn', 'content-length': '43', 'content-type': 'application/json'} 
 body={"message":"Employee deleted successfully"} 
 </msg>
<msg time="2025-04-04T03:55:21.236252" level="INFO">${response} = &lt;Response [200]&gt;</msg>
<var>${response}</var>
<arg>employee_api</arg>
<arg>/employees/${employee_id}</arg>
<doc>Sends a DELETE request on a previously created HTTP Session.</doc>
<status status="PASS" start="2025-04-04T03:55:21.215674" elapsed="0.020610"/>
</kw>
<kw name="Status Should Be" owner="RequestsLibrary">
<arg>200</arg>
<arg>${response}</arg>
<doc>Fails if response status code is different than the expected.</doc>
<status status="PASS" start="2025-04-04T03:55:21.236449" elapsed="0.000200"/>
</kw>
<arg>${employee_id}</arg>
<status status="PASS" start="2025-04-04T03:55:21.215411" elapsed="0.021320"/>
</kw>
<kw name="Reload Page" owner="SeleniumLibrary">
<doc>Simulates user reloading page.</doc>
<status status="PASS" start="2025-04-04T03:55:21.236840" elapsed="0.109538"/>
</kw>
<kw name="Verify Employee Does Not Exist">
<kw name="Page Should Not Contain" owner="SeleniumLibrary">
<msg time="2025-04-04T03:55:21.390294" level="INFO">Current page does not contain text 'Rachel Morales'.</msg>
<arg>${employee_name}</arg>
<doc>Verifies the current page does not contain ``text``.</doc>
<status status="PASS" start="2025-04-04T03:55:21.347284" elapsed="0.043130"/>
</kw>
<arg>${employee_data}[name]</arg>
<status status="PASS" start="2025-04-04T03:55:21.346690" elapsed="0.043898"/>
</kw>
<status status="PASS" start="2025-04-04T03:55:21.182350" elapsed="0.208450"/>
</test>
<test id="s1-t6" name="Delete Multiple Employees" line="173">
<kw name="Generate Random Employee Data">
<kw name="Name" owner="FakerLibrary">
<msg time="2025-04-04T03:55:21.393243" level="INFO">${name} = Jennifer Mayer</msg>
<var>${name}</var>
<doc>:example: 'John Doe'</doc>
<status status="PASS" start="2025-04-04T03:55:21.392613" elapsed="0.000682"/>
</kw>
<kw name="Job" owner="FakerLibrary">
<msg time="2025-04-04T03:55:21.393778" level="INFO">${department} = Facilities manager</msg>
<var>${department}</var>
<status status="PASS" start="2025-04-04T03:55:21.393511" elapsed="0.000325"/>
</kw>
<kw name="Job" owner="FakerLibrary">
<msg time="2025-04-04T03:55:21.394184" level="INFO">${position} = Chief Strategy Officer</msg>
<var>${position}</var>
<status status="PASS" start="2025-04-04T03:55:21.393975" elapsed="0.000495"/>
</kw>
<kw name="Create Dictionary" owner="BuiltIn">
<msg time="2025-04-04T03:55:21.395281" level="INFO">&amp;{employee} = { name=Jennifer Mayer | department=Facilities manager | position=Chief Strategy Officer }</msg>
<var>&amp;{employee}</var>
<arg>name=${name}</arg>
<arg>department=${department}</arg>
<arg>position=${position}</arg>
<doc>Creates and returns a dictionary based on the given ``items``.</doc>
<status status="PASS" start="2025-04-04T03:55:21.394730" elapsed="0.000607"/>
</kw>
<return>
<value>&amp;{employee}</value>
<status status="PASS" start="2025-04-04T03:55:21.395445" elapsed="0.000091"/>
</return>
<msg time="2025-04-04T03:55:21.395838" level="INFO">${employee_data1} = {'name': 'Jennifer Mayer', 'department': 'Facilities manager', 'position': 'Chief Strategy Officer'}</msg>
<var>${employee_data1}</var>
<status status="PASS" start="2025-04-04T03:55:21.392054" elapsed="0.003828"/>
</kw>
<kw name="Create Employee Via API">
<kw name="POST On Session" owner="RequestsLibrary">
<msg time="2025-04-04T03:55:21.412728" level="INFO">POST Request : url=http://localhost:8000/employees/ 
 path_url=/employees/ 
 headers={'User-Agent': 'python-requests/2.32.3', 'Accept-Encoding': 'gzip, deflate, zstd', 'Accept': '*/*', 'Connection': 'keep-alive', 'Content-Length': '100', 'Content-Type': 'application/json'} 
 body=b'{"name": "Jennifer Mayer", "department": "Facilities manager", "position": "Chief Strategy Officer"}' 
 </msg>
<msg time="2025-04-04T03:55:21.412803" level="INFO">POST Response : url=http://localhost:8000/employees/ 
 status=201, reason=Created 
 headers={'date': 'Thu, 03 Apr 2025 22:25:21 GMT', 'server': 'uvicorn', 'content-length': '103', 'content-type': 'application/json'} 
 body={"name":"Jennifer Mayer","department":"Facilities manager","position":"Chief Strategy Officer","id":59} 
 </msg>
<msg time="2025-04-04T03:55:21.412913" level="INFO">${response} = &lt;Response [201]&gt;</msg>
<var>${response}</var>
<arg>employee_api</arg>
<arg>/employees/</arg>
<arg>json=${employee_data}</arg>
<doc>Sends a POST request on a previously created HTTP Session.</doc>
<status status="PASS" start="2025-04-04T03:55:21.396644" elapsed="0.016299"/>
</kw>
<kw name="Status Should Be" owner="RequestsLibrary">
<arg>201</arg>
<arg>${response}</arg>
<doc>Fails if response status code is different than the expected.</doc>
<status status="PASS" start="2025-04-04T03:55:21.413098" elapsed="0.000199"/>
</kw>
<return>
<value>${response.json()}</value>
<status status="PASS" start="2025-04-04T03:55:21.413366" elapsed="0.000044"/>
</return>
<msg time="2025-04-04T03:55:21.413882" level="INFO">${response1} = {'name': 'Jennifer Mayer', 'department': 'Facilities manager', 'position': 'Chief Strategy Officer', 'id': 59}</msg>
<var>${response1}</var>
<arg>${employee_data1}</arg>
<status status="PASS" start="2025-04-04T03:55:21.396169" elapsed="0.017746"/>
</kw>
<kw name="Set Variable" owner="BuiltIn">
<msg time="2025-04-04T03:55:21.414195" level="INFO">${employee_id1} = 59</msg>
<var>${employee_id1}</var>
<arg>${response1}[id]</arg>
<doc>Returns the given values which can then be assigned to a variables.</doc>
<status status="PASS" start="2025-04-04T03:55:21.414030" elapsed="0.000194"/>
</kw>
<kw name="Generate Random Employee Data">
<kw name="Name" owner="FakerLibrary">
<msg time="2025-04-04T03:55:21.414900" level="INFO">${name} = Brian Cortez</msg>
<var>${name}</var>
<doc>:example: 'John Doe'</doc>
<status status="PASS" start="2025-04-04T03:55:21.414575" elapsed="0.000358"/>
</kw>
<kw name="Job" owner="FakerLibrary">
<msg time="2025-04-04T03:55:21.415167" level="INFO">${department} = Transport planner</msg>
<var>${department}</var>
<status status="PASS" start="2025-04-04T03:55:21.415038" elapsed="0.000157"/>
</kw>
<kw name="Job" owner="FakerLibrary">
<msg time="2025-04-04T03:55:21.415406" level="INFO">${position} = Production assistant, radio</msg>
<var>${position}</var>
<status status="PASS" start="2025-04-04T03:55:21.415285" elapsed="0.000148"/>
</kw>
<kw name="Create Dictionary" owner="BuiltIn">
<msg time="2025-04-04T03:55:21.415820" level="INFO">&amp;{employee} = { name=Brian Cortez | department=Transport planner | position=Production assistant, radio }</msg>
<var>&amp;{employee}</var>
<arg>name=${name}</arg>
<arg>department=${department}</arg>
<arg>position=${position}</arg>
<doc>Creates and returns a dictionary based on the given ``items``.</doc>
<status status="PASS" start="2025-04-04T03:55:21.415536" elapsed="0.000314"/>
</kw>
<return>
<value>&amp;{employee}</value>
<status status="PASS" start="2025-04-04T03:55:21.415911" elapsed="0.000034"/>
</return>
<msg time="2025-04-04T03:55:21.416085" level="INFO">${employee_data2} = {'name': 'Brian Cortez', 'department': 'Transport planner', 'position': 'Production assistant, radio'}</msg>
<var>${employee_data2}</var>
<status status="PASS" start="2025-04-04T03:55:21.414382" elapsed="0.001735"/>
</kw>
<kw name="Create Employee Via API">
<kw name="POST On Session" owner="RequestsLibrary">
<msg time="2025-04-04T03:55:21.430011" level="INFO">POST Request : url=http://localhost:8000/employees/ 
 path_url=/employees/ 
 headers={'User-Agent': 'python-requests/2.32.3', 'Accept-Encoding': 'gzip, deflate, zstd', 'Accept': '*/*', 'Connection': 'keep-alive', 'Content-Length': '102', 'Content-Type': 'application/json'} 
 body=b'{"name": "Brian Cortez", "department": "Transport planner", "position": "Production assistant, radio"}' 
 </msg>
<msg time="2025-04-04T03:55:21.430102" level="INFO">POST Response : url=http://localhost:8000/employees/ 
 status=201, reason=Created 
 headers={'date': 'Thu, 03 Apr 2025 22:25:21 GMT', 'server': 'uvicorn', 'content-length': '105', 'content-type': 'application/json'} 
 body={"name":"Brian Cortez","department":"Transport planner","position":"Production assistant, radio","id":60} 
 </msg>
<msg time="2025-04-04T03:55:21.430209" level="INFO">${response} = &lt;Response [201]&gt;</msg>
<var>${response}</var>
<arg>employee_api</arg>
<arg>/employees/</arg>
<arg>json=${employee_data}</arg>
<doc>Sends a POST request on a previously created HTTP Session.</doc>
<status status="PASS" start="2025-04-04T03:55:21.416475" elapsed="0.013763"/>
</kw>
<kw name="Status Should Be" owner="RequestsLibrary">
<arg>201</arg>
<arg>${response}</arg>
<doc>Fails if response status code is different than the expected.</doc>
<status status="PASS" start="2025-04-04T03:55:21.430406" elapsed="0.000195"/>
</kw>
<return>
<value>${response.json()}</value>
<status status="PASS" start="2025-04-04T03:55:21.430664" elapsed="0.000060"/>
</return>
<msg time="2025-04-04T03:55:21.431189" level="INFO">${response2} = {'name': 'Brian Cortez', 'department': 'Transport planner', 'position': 'Production assistant, radio', 'id': 60}</msg>
<var>${response2}</var>
<arg>${employee_data2}</arg>
<status status="PASS" start="2025-04-04T03:55:21.416244" elapsed="0.014978"/>
</kw>
<kw name="Set Variable" owner="BuiltIn">
<msg time="2025-04-04T03:55:21.431493" level="INFO">${employee_id2} = 60</msg>
<var>${employee_id2}</var>
<arg>${response2}[id]</arg>
<doc>Returns the given values which can then be assigned to a variables.</doc>
<status status="PASS" start="2025-04-04T03:55:21.431331" elapsed="0.000190"/>
</kw>
<kw name="Go To" owner="SeleniumLibrary">
<msg time="2025-04-04T03:55:21.431747" level="INFO">Opening url 'http://localhost:8080'</msg>
<arg>${FRONTEND_URL}</arg>
<doc>Navigates the current browser window to the provided ``url``.</doc>
<status status="PASS" start="2025-04-04T03:55:21.431626" elapsed="0.130191"/>
</kw>
<kw name="Wait Until Element Is Visible" owner="SeleniumLibrary">
<arg>id:employeeContainer</arg>
<doc>Waits until the element ``locator`` is visible.</doc>
<status status="PASS" start="2025-04-04T03:55:21.562234" elapsed="0.049613"/>
</kw>
<kw name="Sleep" owner="BuiltIn">
<msg time="2025-04-04T03:55:23.612819" level="INFO">Slept 2 seconds.</msg>
<arg>2s</arg>
<doc>Pauses the test executed for the given time.</doc>
<status status="PASS" start="2025-04-04T03:55:21.612033" elapsed="2.000926"/>
</kw>
<kw name="Select Multiple Employees">
<for flavor="IN">
<iter>
<kw name="Set Variable" owner="BuiltIn">
<msg time="2025-04-04T03:55:23.614286" level="INFO">${checkbox_locator} = id:check-59</msg>
<var>${checkbox_locator}</var>
<arg>id:check-${id}</arg>
<doc>Returns the given values which can then be assigned to a variables.</doc>
<status status="PASS" start="2025-04-04T03:55:23.614076" elapsed="0.000959"/>
</kw>
<kw name="Wait Until Element Is Visible" owner="SeleniumLibrary">
<arg>${checkbox_locator}</arg>
<doc>Waits until the element ``locator`` is visible.</doc>
<status status="PASS" start="2025-04-04T03:55:23.615201" elapsed="0.021679"/>
</kw>
<kw name="Scroll Element Into View" owner="SeleniumLibrary">
<arg>${checkbox_locator}</arg>
<doc>Scrolls the element identified by ``locator`` into view.</doc>
<status status="PASS" start="2025-04-04T03:55:23.637064" elapsed="0.288814"/>
</kw>
<kw name="Sleep" owner="BuiltIn">
<msg time="2025-04-04T03:55:24.427107" level="INFO">Slept 500 milliseconds.</msg>
<arg>0.5s</arg>
<doc>Pauses the test executed for the given time.</doc>
<status status="PASS" start="2025-04-04T03:55:23.926088" elapsed="0.501378"/>
</kw>
<kw name="Click Element" owner="SeleniumLibrary">
<msg time="2025-04-04T03:55:24.428925" level="INFO">Clicking element 'id:check-59'.</msg>
<arg>${checkbox_locator}</arg>
<doc>Click the element identified by ``locator``.</doc>
<status status="PASS" start="2025-04-04T03:55:24.428086" elapsed="0.086656"/>
</kw>
<var name="${id}">59</var>
<status status="PASS" start="2025-04-04T03:55:23.613933" elapsed="0.900902"/>
</iter>
<iter>
<kw name="Set Variable" owner="BuiltIn">
<msg time="2025-04-04T03:55:24.515383" level="INFO">${checkbox_locator} = id:check-60</msg>
<var>${checkbox_locator}</var>
<arg>id:check-${id}</arg>
<doc>Returns the given values which can then be assigned to a variables.</doc>
<status status="PASS" start="2025-04-04T03:55:24.515167" elapsed="0.000254"/>
</kw>
<kw name="Wait Until Element Is Visible" owner="SeleniumLibrary">
<arg>${checkbox_locator}</arg>
<doc>Waits until the element ``locator`` is visible.</doc>
<status status="PASS" start="2025-04-04T03:55:24.515564" elapsed="0.022252"/>
</kw>
<kw name="Scroll Element Into View" owner="SeleniumLibrary">
<arg>${checkbox_locator}</arg>
<doc>Scrolls the element identified by ``locator`` into view.</doc>
<status status="PASS" start="2025-04-04T03:55:24.537995" elapsed="0.286822"/>
</kw>
<kw name="Sleep" owner="BuiltIn">
<msg time="2025-04-04T03:55:25.325747" level="INFO">Slept 500 milliseconds.</msg>
<arg>0.5s</arg>
<doc>Pauses the test executed for the given time.</doc>
<status status="PASS" start="2025-04-04T03:55:24.825026" elapsed="0.500838"/>
</kw>
<kw name="Click Element" owner="SeleniumLibrary">
<msg time="2025-04-04T03:55:25.326307" level="INFO">Clicking element 'id:check-60'.</msg>
<arg>${checkbox_locator}</arg>
<doc>Click the element identified by ``locator``.</doc>
<status status="PASS" start="2025-04-04T03:55:25.326059" elapsed="0.063100"/>
</kw>
<var name="${id}">60</var>
<status status="PASS" start="2025-04-04T03:55:24.515031" elapsed="0.874214"/>
</iter>
<var>${id}</var>
<value>@{employee_ids}</value>
<status status="PASS" start="2025-04-04T03:55:23.613703" elapsed="1.775648"/>
</for>
<kw name="Wait Until Element Is Enabled" owner="SeleniumLibrary">
<arg>id:deleteSelectedBtn</arg>
<doc>Waits until the element ``locator`` is enabled.</doc>
<status status="PASS" start="2025-04-04T03:55:25.389531" elapsed="0.032706"/>
</kw>
<arg>${employee_id1}</arg>
<arg>${employee_id2}</arg>
<status status="PASS" start="2025-04-04T03:55:23.613338" elapsed="1.809052"/>
</kw>
<kw name="Delete Selected Employees">
<kw name="Set Variable" owner="BuiltIn">
<msg time="2025-04-04T03:55:25.423135" level="INFO">${delete_button} = id:deleteSelectedBtn</msg>
<var>${delete_button}</var>
<arg>id:deleteSelectedBtn</arg>
<doc>Returns the given values which can then be assigned to a variables.</doc>
<status status="PASS" start="2025-04-04T03:55:25.422973" elapsed="0.000215"/>
</kw>
<kw name="Wait Until Element Is Visible" owner="SeleniumLibrary">
<arg>${delete_button}</arg>
<doc>Waits until the element ``locator`` is visible.</doc>
<status status="PASS" start="2025-04-04T03:55:25.423320" elapsed="0.017815"/>
</kw>
<kw name="Scroll Element Into View" owner="SeleniumLibrary">
<arg>${delete_button}</arg>
<doc>Scrolls the element identified by ``locator`` into view.</doc>
<status status="PASS" start="2025-04-04T03:55:25.441310" elapsed="0.284802"/>
</kw>
<kw name="Wait Until Element Is Enabled" owner="SeleniumLibrary">
<arg>${delete_button}</arg>
<doc>Waits until the element ``locator`` is enabled.</doc>
<status status="PASS" start="2025-04-04T03:55:25.726812" elapsed="0.080167"/>
</kw>
<kw name="Click Element" owner="SeleniumLibrary">
<msg time="2025-04-04T03:55:25.807757" level="INFO">Clicking element 'id:deleteSelectedBtn'.</msg>
<arg>${delete_button}</arg>
<doc>Click the element identified by ``locator``.</doc>
<status status="PASS" start="2025-04-04T03:55:25.807327" elapsed="0.093155"/>
</kw>
<kw name="Handle Alert" owner="SeleniumLibrary">
<msg time="2025-04-04T03:55:25.900812" level="INFO">HANDLE::&lt;class 'NoneType'&gt;::None</msg>
<arg>ACCEPT</arg>
<doc>Handles the current alert and returns its message.</doc>
<status status="PASS" start="2025-04-04T03:55:25.900665" elapsed="0.012345"/>
</kw>
<kw name="Sleep" owner="BuiltIn">
<msg time="2025-04-04T03:55:27.914493" level="INFO">Slept 2 seconds.</msg>
<arg>2s</arg>
<doc>Pauses the test executed for the given time.</doc>
<status status="PASS" start="2025-04-04T03:55:25.913246" elapsed="2.001619"/>
</kw>
<kw name="Wait Until Page Contains Element" owner="SeleniumLibrary">
<arg>id:employeeContainer</arg>
<doc>Waits until the element ``locator`` appears on the current page.</doc>
<status status="PASS" start="2025-04-04T03:55:27.915496" elapsed="0.029385"/>
</kw>
<status status="PASS" start="2025-04-04T03:55:25.422630" elapsed="2.522623"/>
</kw>
<kw name="Verify Employee Does Not Exist">
<kw name="Page Should Not Contain" owner="SeleniumLibrary">
<msg time="2025-04-04T03:55:27.988196" level="INFO">Current page does not contain text 'Jennifer Mayer'.</msg>
<arg>${employee_name}</arg>
<doc>Verifies the current page does not contain ``text``.</doc>
<status status="PASS" start="2025-04-04T03:55:27.946832" elapsed="0.041440"/>
</kw>
<arg>${employee_data1}[name]</arg>
<status status="PASS" start="2025-04-04T03:55:27.945774" elapsed="0.042591"/>
</kw>
<kw name="Verify Employee Does Not Exist">
<kw name="Page Should Not Contain" owner="SeleniumLibrary">
<msg time="2025-04-04T03:55:28.010916" level="INFO">Current page does not contain text 'Brian Cortez'.</msg>
<arg>${employee_name}</arg>
<doc>Verifies the current page does not contain ``text``.</doc>
<status status="PASS" start="2025-04-04T03:55:27.988911" elapsed="0.022079"/>
</kw>
<arg>${employee_data2}[name]</arg>
<status status="PASS" start="2025-04-04T03:55:27.988521" elapsed="0.022562"/>
</kw>
<kw name="Run Keyword And Ignore Error" owner="BuiltIn">
<kw name="Get Employee Via API">
<kw name="GET On Session" owner="RequestsLibrary">
<msg time="2025-04-04T03:55:30.034336" level="INFO">GET Request : url=http://localhost:8000/employees/59 
 path_url=/employees/59 
 headers={'User-Agent': 'python-requests/2.32.3', 'Accept-Encoding': 'gzip, deflate, zstd', 'Accept': '*/*', 'Connection': 'keep-alive'} 
 body=None 
 </msg>
<msg time="2025-04-04T03:55:30.034421" level="INFO">GET Response : url=http://localhost:8000/employees/59 
 status=404, reason=Not Found 
 headers={'date': 'Thu, 03 Apr 2025 22:25:29 GMT', 'server': 'uvicorn', 'content-length': '31', 'content-type': 'application/json'} 
 body={"detail":"Employee not found"} 
 </msg>
<msg time="2025-04-04T03:55:30.034560" level="INFO">${response} = &lt;Response [404]&gt;</msg>
<var>${response}</var>
<arg>employee_api</arg>
<arg>/employees/${employee_id}</arg>
<arg>expected_status=404</arg>
<doc>Sends a GET request on a previously created HTTP Session.</doc>
<status status="PASS" start="2025-04-04T03:55:28.011681" elapsed="2.022914"/>
</kw>
<arg>${employee_id1}</arg>
<status status="PASS" start="2025-04-04T03:55:28.011412" elapsed="2.023411"/>
</kw>
<arg>Get Employee Via API</arg>
<arg>${employee_id1}</arg>
<doc>Runs the given keyword with the given arguments and ignores possible error.</doc>
<status status="PASS" start="2025-04-04T03:55:28.011223" elapsed="2.023673"/>
</kw>
<kw name="Run Keyword And Ignore Error" owner="BuiltIn">
<kw name="Get Employee Via API">
<kw name="GET On Session" owner="RequestsLibrary">
<msg time="2025-04-04T03:55:30.039048" level="INFO">GET Request : url=http://localhost:8000/employees/60 
 path_url=/employees/60 
 headers={'User-Agent': 'python-requests/2.32.3', 'Accept-Encoding': 'gzip, deflate, zstd', 'Accept': '*/*', 'Connection': 'keep-alive'} 
 body=None 
 </msg>
<msg time="2025-04-04T03:55:30.039120" level="INFO">GET Response : url=http://localhost:8000/employees/60 
 status=404, reason=Not Found 
 headers={'date': 'Thu, 03 Apr 2025 22:25:29 GMT', 'server': 'uvicorn', 'content-length': '31', 'content-type': 'application/json'} 
 body={"detail":"Employee not found"} 
 </msg>
<msg time="2025-04-04T03:55:30.039237" level="INFO">${response} = &lt;Response [404]&gt;</msg>
<var>${response}</var>
<arg>employee_api</arg>
<arg>/employees/${employee_id}</arg>
<arg>expected_status=404</arg>
<doc>Sends a GET request on a previously created HTTP Session.</doc>
<status status="PASS" start="2025-04-04T03:55:30.035562" elapsed="0.003711"/>
</kw>
<arg>${employee_id2}</arg>
<status status="PASS" start="2025-04-04T03:55:30.035269" elapsed="0.004112"/>
</kw>
<arg>Get Employee Via API</arg>
<arg>${employee_id2}</arg>
<doc>Runs the given keyword with the given arguments and ignores possible error.</doc>
<status status="PASS" start="2025-04-04T03:55:30.035056" elapsed="0.004391"/>
</kw>
<status status="PASS" start="2025-04-04T03:55:21.391302" elapsed="8.648272"/>
</test>
<test id="s1-t7" name="Verify Page Titles" line="200">
<kw name="Go To" owner="SeleniumLibrary">
<msg time="2025-04-04T03:55:30.040307" level="INFO">Opening url 'http://localhost:8080'</msg>
<arg>${FRONTEND_URL}</arg>
<doc>Navigates the current browser window to the provided ``url``.</doc>
<status status="PASS" start="2025-04-04T03:55:30.040150" elapsed="0.085905"/>
</kw>
<kw name="Wait Until Element Is Visible" owner="SeleniumLibrary">
<arg>css:.navbar-brand</arg>
<doc>Waits until the element ``locator`` is visible.</doc>
<status status="PASS" start="2025-04-04T03:55:30.126268" elapsed="0.047463"/>
</kw>
<kw name="Verify Page Title">
<kw name="Get Title" owner="SeleniumLibrary">
<msg time="2025-04-04T03:55:30.181445" level="INFO">${title} = Employee System</msg>
<var>${title}</var>
<doc>Returns the title of the current page.</doc>
<status status="PASS" start="2025-04-04T03:55:30.174190" elapsed="0.007343"/>
</kw>
<kw name="Should Be Equal" owner="BuiltIn">
<arg>${title}</arg>
<arg>Employee System</arg>
<doc>Fails if the given objects are unequal.</doc>
<status status="PASS" start="2025-04-04T03:55:30.181811" elapsed="0.000295"/>
</kw>
<kw name="Element Text Should Be" owner="SeleniumLibrary">
<msg time="2025-04-04T03:55:30.182418" level="INFO">Verifying element 'css:.navbar-brand' contains exact text 'Employee System'.</msg>
<arg>css:.navbar-brand</arg>
<arg>Employee System</arg>
<doc>Verifies that element ``locator`` contains exact the text ``expected``.</doc>
<status status="PASS" start="2025-04-04T03:55:30.182250" elapsed="0.021939"/>
</kw>
<status status="PASS" start="2025-04-04T03:55:30.173938" elapsed="0.030379"/>
</kw>
<status status="PASS" start="2025-04-04T03:55:30.039824" elapsed="0.164608"/>
</test>
<kw name="Close All Browsers" owner="SeleniumLibrary" type="TEARDOWN">
<doc>Closes all open browsers and resets the browser cache.</doc>
<status status="PASS" start="2025-04-04T03:55:30.204985" elapsed="6.295552"/>
</kw>
<status status="PASS" start="2025-04-04T03:55:12.401408" elapsed="24.099401"/>
</suite>
<statistics>
<total>
<stat pass="7" fail="0" skip="0">All Tests</stat>
</total>
<tag>
</tag>
<suite>
<stat name="Employee Tests" id="s1" pass="7" fail="0" skip="0">Employee Tests</stat>
</suite>
</statistics>
<errors>
</errors>
</robot>
