<?xml version="1.0" encoding="UTF-8"?>
<robot generator="Robot 7.2.2 (Python 3.13.2 on win32)" generated="2025-04-04T14:04:10.015045" rpa="false" schemaversion="5">
<suite id="s1" name="Employee Tests" source="E:\ERP\dev\CursorAI\auto-dev\employee_tests.robot">
<kw name="Setup Test Suite" type="SETUP">
<kw name="Create Session" owner="RequestsLibrary">
<msg time="2025-04-04T14:04:13.850881" level="INFO">Creating Session using : alias=employee_api, url=http://localhost:8000, headers={},                     cookies={}, auth=None, timeout=None, proxies=None, verify=True,                     debug=0 </msg>
<arg>employee_api</arg>
<arg>${BASE_URL}</arg>
<arg>verify=True</arg>
<doc>Create Session: create a HTTP session to a server</doc>
<status status="PASS" start="2025-04-04T14:04:13.850236" elapsed="0.001345"/>
</kw>
<kw name="Open Browser" owner="SeleniumLibrary">
<msg time="2025-04-04T14:04:13.852749" level="INFO">Opening browser 'edge' to base url 'http://localhost:8080'.</msg>
<msg time="2025-04-04T14:04:13.870681" level="INFO">Applicable driver not found; attempting to install with Selenium Manager (Beta)</msg>
<arg>${FRONTEND_URL}</arg>
<arg>${BROWSER}</arg>
<doc>Opens a new browser instance to the optional ``url``.</doc>
<status status="PASS" start="2025-04-04T14:04:13.852184" elapsed="4.176628"/>
</kw>
<kw name="Maximize Browser Window" owner="SeleniumLibrary">
<doc>Maximizes current browser window.</doc>
<status status="PASS" start="2025-04-04T14:04:18.032934" elapsed="0.170917"/>
</kw>
<status status="PASS" start="2025-04-04T14:04:13.845151" elapsed="4.358984"/>
</kw>
<test id="s1-t1" name="Create New Employee Via API" line="134">
<kw name="Generate Random Employee Data">
<kw name="Name" owner="FakerLibrary">
<msg time="2025-04-04T14:04:18.208069" level="INFO">${name} = Timothy Williams</msg>
<var>${name}</var>
<doc>:example: 'John Doe'</doc>
<status status="PASS" start="2025-04-04T14:04:18.206567" elapsed="0.001626"/>
</kw>
<kw name="Job" owner="FakerLibrary">
<msg time="2025-04-04T14:04:18.209115" level="INFO">${department} = Physiological scientist</msg>
<var>${department}</var>
<status status="PASS" start="2025-04-04T14:04:18.208576" elapsed="0.000637"/>
</kw>
<kw name="Job" owner="FakerLibrary">
<msg time="2025-04-04T14:04:18.210047" level="INFO">${position} = Health and safety inspector</msg>
<var>${position}</var>
<status status="PASS" start="2025-04-04T14:04:18.209591" elapsed="0.000560"/>
</kw>
<kw name="Create Dictionary" owner="BuiltIn">
<msg time="2025-04-04T14:04:18.212593" level="INFO">&amp;{employee} = { name=Timothy Williams | department=Physiological scientist | position=Health and safety inspector }</msg>
<var>&amp;{employee}</var>
<arg>name=${name}</arg>
<arg>department=${department}</arg>
<arg>position=${position}</arg>
<doc>Creates and returns a dictionary based on the given ``items``.</doc>
<status status="PASS" start="2025-04-04T14:04:18.210560" elapsed="0.002168"/>
</kw>
<return>
<value>&amp;{employee}</value>
<status status="PASS" start="2025-04-04T14:04:18.213042" elapsed="0.000287"/>
</return>
<msg time="2025-04-04T14:04:18.214013" level="INFO">${employee_data} = {'name': 'Timothy Williams', 'department': 'Physiological scientist', 'position': 'Health and safety inspector'}</msg>
<var>${employee_data}</var>
<status status="PASS" start="2025-04-04T14:04:18.205782" elapsed="0.008335"/>
</kw>
<kw name="Create Employee Via API">
<kw name="POST On Session" owner="RequestsLibrary">
<msg time="2025-04-04T14:04:20.292688" level="INFO">POST Request : url=http://localhost:8000/employees/ 
 path_url=/employees/ 
 headers={'User-Agent': 'python-requests/2.32.3', 'Accept-Encoding': 'gzip, deflate, zstd', 'Accept': '*/*', 'Connection': 'keep-alive', 'Content-Length': '112', 'Content-Type': 'application/json'} 
 body=b'{"name": "Timothy Williams", "department": "Physiological scientist", "position": "Health and safety inspector"}' 
 </msg>
<msg time="2025-04-04T14:04:20.293047" level="INFO">POST Response : url=http://localhost:8000/employees/ 
 status=201, reason=Created 
 headers={'date': 'Fri, 04 Apr 2025 08:34:19 GMT', 'server': 'uvicorn', 'content-length': '115', 'content-type': 'application/json'} 
 body={"name":"Timothy Williams","department":"Physiological scientist","position":"Health and safety inspector","id":79} 
 </msg>
<msg time="2025-04-04T14:04:20.293451" level="INFO">${response} = &lt;Response [201]&gt;</msg>
<var>${response}</var>
<arg>employee_api</arg>
<arg>/employees/</arg>
<arg>json=${employee_data}</arg>
<doc>Sends a POST request on a previously created HTTP Session.</doc>
<status status="PASS" start="2025-04-04T14:04:18.215680" elapsed="2.077899"/>
</kw>
<kw name="Status Should Be" owner="RequestsLibrary">
<arg>201</arg>
<arg>${response}</arg>
<doc>Fails if response status code is different than the expected.</doc>
<status status="PASS" start="2025-04-04T14:04:20.294135" elapsed="0.000813"/>
</kw>
<return>
<value>${response.json()}</value>
<status status="PASS" start="2025-04-04T14:04:20.295235" elapsed="0.000178"/>
</return>
<msg time="2025-04-04T14:04:20.297924" level="INFO">${response} = {'name': 'Timothy Williams', 'department': 'Physiological scientist', 'position': 'Health and safety inspector', 'id': 79}</msg>
<var>${response}</var>
<arg>${employee_data}</arg>
<status status="PASS" start="2025-04-04T14:04:18.214609" elapsed="2.083464"/>
</kw>
<kw name="Convert To String" owner="BuiltIn">
<msg time="2025-04-04T14:04:20.299415" level="INFO">${id_str} = 79</msg>
<var>${id_str}</var>
<arg>${response}[id]</arg>
<doc>Converts the given item to a Unicode string.</doc>
<status status="PASS" start="2025-04-04T14:04:20.298634" elapsed="0.000918"/>
</kw>
<kw name="Should Not Be Empty" owner="BuiltIn">
<msg time="2025-04-04T14:04:20.300555" level="INFO">Length is 2.</msg>
<arg>${id_str}</arg>
<doc>Verifies that the given item is not empty.</doc>
<status status="PASS" start="2025-04-04T14:04:20.300037" elapsed="0.000727"/>
</kw>
<kw name="Should Be Equal As Strings" owner="BuiltIn">
<arg>${response}[name]</arg>
<arg>${employee_data}[name]</arg>
<doc>Fails if objects are unequal after converting them to strings.</doc>
<status status="PASS" start="2025-04-04T14:04:20.301339" elapsed="0.000667"/>
</kw>
<kw name="Should Be Equal As Strings" owner="BuiltIn">
<arg>${response}[department]</arg>
<arg>${employee_data}[department]</arg>
<doc>Fails if objects are unequal after converting them to strings.</doc>
<status status="PASS" start="2025-04-04T14:04:20.302404" elapsed="0.000592"/>
</kw>
<kw name="Should Be Equal As Strings" owner="BuiltIn">
<arg>${response}[position]</arg>
<arg>${employee_data}[position]</arg>
<doc>Fails if objects are unequal after converting them to strings.</doc>
<status status="PASS" start="2025-04-04T14:04:20.303353" elapsed="0.000593"/>
</kw>
<status status="PASS" start="2025-04-04T14:04:18.204368" elapsed="2.099959"/>
</test>
<test id="s1-t2" name="Create New Employee Via UI" line="144">
<kw name="Generate Random Employee Data">
<kw name="Name" owner="FakerLibrary">
<msg time="2025-04-04T14:04:20.307930" level="INFO">${name} = Chelsea Williams</msg>
<var>${name}</var>
<doc>:example: 'John Doe'</doc>
<status status="PASS" start="2025-04-04T14:04:20.306844" elapsed="0.001192"/>
</kw>
<kw name="Job" owner="FakerLibrary">
<msg time="2025-04-04T14:04:20.308758" level="INFO">${department} = Office manager</msg>
<var>${department}</var>
<status status="PASS" start="2025-04-04T14:04:20.308365" elapsed="0.000504"/>
</kw>
<kw name="Job" owner="FakerLibrary">
<msg time="2025-04-04T14:04:20.309691" level="INFO">${position} = Psychotherapist, child</msg>
<var>${position}</var>
<status status="PASS" start="2025-04-04T14:04:20.309286" elapsed="0.000496"/>
</kw>
<kw name="Create Dictionary" owner="BuiltIn">
<msg time="2025-04-04T14:04:20.310821" level="INFO">&amp;{employee} = { name=Chelsea Williams | department=Office manager | position=Psychotherapist, child }</msg>
<var>&amp;{employee}</var>
<arg>name=${name}</arg>
<arg>department=${department}</arg>
<arg>position=${position}</arg>
<doc>Creates and returns a dictionary based on the given ``items``.</doc>
<status status="PASS" start="2025-04-04T14:04:20.310136" elapsed="0.000958"/>
</kw>
<return>
<value>&amp;{employee}</value>
<status status="PASS" start="2025-04-04T14:04:20.311507" elapsed="0.000088"/>
</return>
<msg time="2025-04-04T14:04:20.311938" level="INFO">${employee_data} = {'name': 'Chelsea Williams', 'department': 'Office manager', 'position': 'Psychotherapist, child'}</msg>
<var>${employee_data}</var>
<status status="PASS" start="2025-04-04T14:04:20.306186" elapsed="0.005856"/>
</kw>
<kw name="Create Employee Via UI">
<kw name="Click Element" owner="SeleniumLibrary">
<msg time="2025-04-04T14:04:20.313309" level="INFO">Clicking element 'css:button[onclick='showAddModal()']'.</msg>
<arg>${ADD_EMPLOYEE_BTN}</arg>
<doc>Click the element identified by ``locator``.</doc>
<status status="PASS" start="2025-04-04T14:04:20.312805" elapsed="0.206831"/>
</kw>
<kw name="Wait Until Element Is Visible" owner="SeleniumLibrary">
<arg>${NAME_INPUT}</arg>
<doc>Waits until the element ``locator`` is visible.</doc>
<status status="PASS" start="2025-04-04T14:04:20.520124" elapsed="0.390281"/>
</kw>
<kw name="Input Text" owner="SeleniumLibrary">
<msg time="2025-04-04T14:04:20.911353" level="INFO">Typing text 'Chelsea Williams' into text field 'id:name'.</msg>
<arg>${NAME_INPUT}</arg>
<arg>${employee_data}[name]</arg>
<doc>Types the given ``text`` into the text field identified by ``locator``.</doc>
<status status="PASS" start="2025-04-04T14:04:20.910761" elapsed="0.312949"/>
</kw>
<kw name="Input Text" owner="SeleniumLibrary">
<msg time="2025-04-04T14:04:21.224400" level="INFO">Typing text 'Office manager' into text field 'id:department'.</msg>
<arg>${DEPARTMENT_INPUT}</arg>
<arg>${employee_data}[department]</arg>
<doc>Types the given ``text`` into the text field identified by ``locator``.</doc>
<status status="PASS" start="2025-04-04T14:04:21.223993" elapsed="0.221354"/>
</kw>
<kw name="Input Text" owner="SeleniumLibrary">
<msg time="2025-04-04T14:04:21.446206" level="INFO">Typing text 'Psychotherapist, child' into text field 'id:position'.</msg>
<arg>${POSITION_INPUT}</arg>
<arg>${employee_data}[position]</arg>
<doc>Types the given ``text`` into the text field identified by ``locator``.</doc>
<status status="PASS" start="2025-04-04T14:04:21.445681" elapsed="0.321371"/>
</kw>
<kw name="Click Element" owner="SeleniumLibrary">
<msg time="2025-04-04T14:04:21.770681" level="INFO">Clicking element 'css:button[onclick='saveEmployee()']'.</msg>
<arg>${SAVE_BTN}</arg>
<doc>Click the element identified by ``locator``.</doc>
<status status="PASS" start="2025-04-04T14:04:21.768487" elapsed="0.179272"/>
</kw>
<kw name="Wait Until Page Contains" owner="SeleniumLibrary">
<arg>${employee_data}[name]</arg>
<doc>Waits until ``text`` appears on the current page.</doc>
<status status="PASS" start="2025-04-04T14:04:21.948410" elapsed="0.887014"/>
</kw>
<arg>${employee_data}</arg>
<status status="PASS" start="2025-04-04T14:04:20.312321" elapsed="2.523437"/>
</kw>
<kw name="Verify Employee Exists">
<kw name="Page Should Contain" owner="SeleniumLibrary">
<msg time="2025-04-04T14:04:22.924215" level="INFO">Current page contains text 'Chelsea Williams'.</msg>
<arg>${employee_name}</arg>
<doc>Verifies that current page contains ``text``.</doc>
<status status="PASS" start="2025-04-04T14:04:22.839466" elapsed="0.085013"/>
</kw>
<arg>${employee_data}[name]</arg>
<status status="PASS" start="2025-04-04T14:04:22.836857" elapsed="0.087902"/>
</kw>
<status status="PASS" start="2025-04-04T14:04:20.305018" elapsed="2.620167"/>
</test>
<test id="s1-t3" name="Search Employee" line="149">
<kw name="Generate Random Employee Data">
<kw name="Name" owner="FakerLibrary">
<msg time="2025-04-04T14:04:22.929223" level="INFO">${name} = Zachary Sanders</msg>
<var>${name}</var>
<doc>:example: 'John Doe'</doc>
<status status="PASS" start="2025-04-04T14:04:22.928013" elapsed="0.001364"/>
</kw>
<kw name="Job" owner="FakerLibrary">
<msg time="2025-04-04T14:04:22.930401" level="INFO">${department} = Careers adviser</msg>
<var>${department}</var>
<status status="PASS" start="2025-04-04T14:04:22.929868" elapsed="0.000663"/>
</kw>
<kw name="Job" owner="FakerLibrary">
<msg time="2025-04-04T14:04:22.931410" level="INFO">${position} = Fast food restaurant manager</msg>
<var>${position}</var>
<status status="PASS" start="2025-04-04T14:04:22.930900" elapsed="0.000715"/>
</kw>
<kw name="Create Dictionary" owner="BuiltIn">
<msg time="2025-04-04T14:04:22.933287" level="INFO">&amp;{employee} = { name=Zachary Sanders | department=Careers adviser | position=Fast food restaurant manager }</msg>
<var>&amp;{employee}</var>
<arg>name=${name}</arg>
<arg>department=${department}</arg>
<arg>position=${position}</arg>
<doc>Creates and returns a dictionary based on the given ``items``.</doc>
<status status="PASS" start="2025-04-04T14:04:22.932044" elapsed="0.001369"/>
</kw>
<return>
<value>&amp;{employee}</value>
<status status="PASS" start="2025-04-04T14:04:22.933730" elapsed="0.000144"/>
</return>
<msg time="2025-04-04T14:04:22.934509" level="INFO">${employee_data} = {'name': 'Zachary Sanders', 'department': 'Careers adviser', 'position': 'Fast food restaurant manager'}</msg>
<var>${employee_data}</var>
<status status="PASS" start="2025-04-04T14:04:22.927201" elapsed="0.007455"/>
</kw>
<kw name="Create Employee Via UI">
<kw name="Click Element" owner="SeleniumLibrary">
<msg time="2025-04-04T14:04:22.938273" level="INFO">Clicking element 'css:button[onclick='showAddModal()']'.</msg>
<arg>${ADD_EMPLOYEE_BTN}</arg>
<doc>Click the element identified by ``locator``.</doc>
<status status="PASS" start="2025-04-04T14:04:22.937558" elapsed="0.124197"/>
</kw>
<kw name="Wait Until Element Is Visible" owner="SeleniumLibrary">
<arg>${NAME_INPUT}</arg>
<doc>Waits until the element ``locator`` is visible.</doc>
<status status="PASS" start="2025-04-04T14:04:23.062444" elapsed="0.385801"/>
</kw>
<kw name="Input Text" owner="SeleniumLibrary">
<msg time="2025-04-04T14:04:23.450601" level="INFO">Typing text 'Zachary Sanders' into text field 'id:name'.</msg>
<arg>${NAME_INPUT}</arg>
<arg>${employee_data}[name]</arg>
<doc>Types the given ``text`` into the text field identified by ``locator``.</doc>
<status status="PASS" start="2025-04-04T14:04:23.449005" elapsed="0.394427"/>
</kw>
<kw name="Input Text" owner="SeleniumLibrary">
<msg time="2025-04-04T14:04:23.844481" level="INFO">Typing text 'Careers adviser' into text field 'id:department'.</msg>
<arg>${DEPARTMENT_INPUT}</arg>
<arg>${employee_data}[department]</arg>
<doc>Types the given ``text`` into the text field identified by ``locator``.</doc>
<status status="PASS" start="2025-04-04T14:04:23.843804" elapsed="0.234052"/>
</kw>
<kw name="Input Text" owner="SeleniumLibrary">
<msg time="2025-04-04T14:04:24.078590" level="INFO">Typing text 'Fast food restaurant manager' into text field 'id:position'.</msg>
<arg>${POSITION_INPUT}</arg>
<arg>${employee_data}[position]</arg>
<doc>Types the given ``text`` into the text field identified by ``locator``.</doc>
<status status="PASS" start="2025-04-04T14:04:24.078189" elapsed="0.289446"/>
</kw>
<kw name="Click Element" owner="SeleniumLibrary">
<msg time="2025-04-04T14:04:24.368895" level="INFO">Clicking element 'css:button[onclick='saveEmployee()']'.</msg>
<arg>${SAVE_BTN}</arg>
<doc>Click the element identified by ``locator``.</doc>
<status status="PASS" start="2025-04-04T14:04:24.368270" elapsed="0.148740"/>
</kw>
<kw name="Wait Until Page Contains" owner="SeleniumLibrary">
<arg>${employee_data}[name]</arg>
<doc>Waits until ``text`` appears on the current page.</doc>
<status status="PASS" start="2025-04-04T14:04:24.517681" elapsed="0.738291"/>
</kw>
<arg>${employee_data}</arg>
<status status="PASS" start="2025-04-04T14:04:22.935267" elapsed="2.321591"/>
</kw>
<kw name="Search Employee">
<kw name="Input Text" owner="SeleniumLibrary">
<msg time="2025-04-04T14:04:25.265094" level="INFO">Typing text 'Zachary Sanders' into text field 'id:searchInput'.</msg>
<arg>${SEARCH_INPUT}</arg>
<arg>${search_term}</arg>
<doc>Types the given ``text`` into the text field identified by ``locator``.</doc>
<status status="PASS" start="2025-04-04T14:04:25.261429" elapsed="0.570635"/>
</kw>
<kw name="Sleep" owner="BuiltIn">
<msg time="2025-04-04T14:04:26.837478" level="INFO">Slept 1 second.</msg>
<arg>1s</arg>
<doc>Pauses the test executed for the given time.</doc>
<status status="PASS" start="2025-04-04T14:04:25.834439" elapsed="1.003270"/>
</kw>
<arg>${employee_data}[name]</arg>
<status status="PASS" start="2025-04-04T14:04:25.258440" elapsed="1.579541"/>
</kw>
<kw name="Verify Employee Exists">
<kw name="Page Should Contain" owner="SeleniumLibrary">
<msg time="2025-04-04T14:04:26.869652" level="INFO">Current page contains text 'Zachary Sanders'.</msg>
<arg>${employee_name}</arg>
<doc>Verifies that current page contains ``text``.</doc>
<status status="PASS" start="2025-04-04T14:04:26.839368" elapsed="0.030507"/>
</kw>
<arg>${employee_data}[name]</arg>
<status status="PASS" start="2025-04-04T14:04:26.838387" elapsed="0.031758"/>
</kw>
<status status="PASS" start="2025-04-04T14:04:22.926002" elapsed="3.944510"/>
</test>
<test id="s1-t4" name="Update Employee" line="155">
<kw name="Generate Random Employee Data">
<kw name="Name" owner="FakerLibrary">
<msg time="2025-04-04T14:04:26.874689" level="INFO">${name} = Jose Rivera</msg>
<var>${name}</var>
<doc>:example: 'John Doe'</doc>
<status status="PASS" start="2025-04-04T14:04:26.873048" elapsed="0.001860"/>
</kw>
<kw name="Job" owner="FakerLibrary">
<msg time="2025-04-04T14:04:26.876526" level="INFO">${department} = Press photographer</msg>
<var>${department}</var>
<status status="PASS" start="2025-04-04T14:04:26.875614" elapsed="0.001094"/>
</kw>
<kw name="Job" owner="FakerLibrary">
<msg time="2025-04-04T14:04:26.878000" level="INFO">${position} = Field trials officer</msg>
<var>${position}</var>
<status status="PASS" start="2025-04-04T14:04:26.877321" elapsed="0.000812"/>
</kw>
<kw name="Create Dictionary" owner="BuiltIn">
<msg time="2025-04-04T14:04:26.880301" level="INFO">&amp;{employee} = { name=Jose Rivera | department=Press photographer | position=Field trials officer }</msg>
<var>&amp;{employee}</var>
<arg>name=${name}</arg>
<arg>department=${department}</arg>
<arg>position=${position}</arg>
<doc>Creates and returns a dictionary based on the given ``items``.</doc>
<status status="PASS" start="2025-04-04T14:04:26.878651" elapsed="0.001851"/>
</kw>
<return>
<value>&amp;{employee}</value>
<status status="PASS" start="2025-04-04T14:04:26.880932" elapsed="0.000220"/>
</return>
<msg time="2025-04-04T14:04:26.882053" level="INFO">${employee_data} = {'name': 'Jose Rivera', 'department': 'Press photographer', 'position': 'Field trials officer'}</msg>
<var>${employee_data}</var>
<status status="PASS" start="2025-04-04T14:04:26.872308" elapsed="0.009925"/>
</kw>
<kw name="Create Employee Via API">
<kw name="POST On Session" owner="RequestsLibrary">
<msg time="2025-04-04T14:04:28.930287" level="INFO">POST Request : url=http://localhost:8000/employees/ 
 path_url=/employees/ 
 headers={'User-Agent': 'python-requests/2.32.3', 'Accept-Encoding': 'gzip, deflate, zstd', 'Accept': '*/*', 'Connection': 'keep-alive', 'Content-Length': '95', 'Content-Type': 'application/json'} 
 body=b'{"name": "Jose Rivera", "department": "Press photographer", "position": "Field trials officer"}' 
 </msg>
<msg time="2025-04-04T14:04:28.930504" level="INFO">POST Response : url=http://localhost:8000/employees/ 
 status=201, reason=Created 
 headers={'date': 'Fri, 04 Apr 2025 08:34:28 GMT', 'server': 'uvicorn', 'content-length': '98', 'content-type': 'application/json'} 
 body={"name":"Jose Rivera","department":"Press photographer","position":"Field trials officer","id":82} 
 </msg>
<msg time="2025-04-04T14:04:28.930848" level="INFO">${response} = &lt;Response [201]&gt;</msg>
<var>${response}</var>
<arg>employee_api</arg>
<arg>/employees/</arg>
<arg>json=${employee_data}</arg>
<doc>Sends a POST request on a previously created HTTP Session.</doc>
<status status="PASS" start="2025-04-04T14:04:26.884863" elapsed="2.046083"/>
</kw>
<kw name="Status Should Be" owner="RequestsLibrary">
<arg>201</arg>
<arg>${response}</arg>
<doc>Fails if response status code is different than the expected.</doc>
<status status="PASS" start="2025-04-04T14:04:28.931387" elapsed="0.000573"/>
</kw>
<return>
<value>${response.json()}</value>
<status status="PASS" start="2025-04-04T14:04:28.932177" elapsed="0.000123"/>
</return>
<msg time="2025-04-04T14:04:28.934229" level="INFO">${response} = {'name': 'Jose Rivera', 'department': 'Press photographer', 'position': 'Field trials officer', 'id': 82}</msg>
<var>${response}</var>
<arg>${employee_data}</arg>
<status status="PASS" start="2025-04-04T14:04:26.883015" elapsed="2.051365"/>
</kw>
<kw name="Set Variable" owner="BuiltIn">
<msg time="2025-04-04T14:04:28.935617" level="INFO">${employee_id} = 82</msg>
<var>${employee_id}</var>
<arg>${response}[id]</arg>
<doc>Returns the given values which can then be assigned to a variables.</doc>
<status status="PASS" start="2025-04-04T14:04:28.934954" elapsed="0.000789"/>
</kw>
<kw name="Generate Random Employee Data">
<kw name="Name" owner="FakerLibrary">
<msg time="2025-04-04T14:04:28.938543" level="INFO">${name} = Aaron Spencer</msg>
<var>${name}</var>
<doc>:example: 'John Doe'</doc>
<status status="PASS" start="2025-04-04T14:04:28.937408" elapsed="0.001270"/>
</kw>
<kw name="Job" owner="FakerLibrary">
<msg time="2025-04-04T14:04:28.939746" level="INFO">${department} = Immigration officer</msg>
<var>${department}</var>
<status status="PASS" start="2025-04-04T14:04:28.939163" elapsed="0.000717"/>
</kw>
<kw name="Job" owner="FakerLibrary">
<msg time="2025-04-04T14:04:28.940985" level="INFO">${position} = Financial controller</msg>
<var>${position}</var>
<status status="PASS" start="2025-04-04T14:04:28.940326" elapsed="0.000788"/>
</kw>
<kw name="Create Dictionary" owner="BuiltIn">
<msg time="2025-04-04T14:04:28.943234" level="INFO">&amp;{employee} = { name=Aaron Spencer | department=Immigration officer | position=Financial controller }</msg>
<var>&amp;{employee}</var>
<arg>name=${name}</arg>
<arg>department=${department}</arg>
<arg>position=${position}</arg>
<doc>Creates and returns a dictionary based on the given ``items``.</doc>
<status status="PASS" start="2025-04-04T14:04:28.941748" elapsed="0.001634"/>
</kw>
<return>
<value>&amp;{employee}</value>
<status status="PASS" start="2025-04-04T14:04:28.943711" elapsed="0.000137"/>
</return>
<msg time="2025-04-04T14:04:28.944424" level="INFO">${updated_data} = {'name': 'Aaron Spencer', 'department': 'Immigration officer', 'position': 'Financial controller'}</msg>
<var>${updated_data}</var>
<status status="PASS" start="2025-04-04T14:04:28.936534" elapsed="0.008005"/>
</kw>
<kw name="Update Employee Via API">
<kw name="PUT On Session" owner="RequestsLibrary">
<msg time="2025-04-04T14:04:28.973560" level="INFO">PUT Request : url=http://localhost:8000/employees/82 
 path_url=/employees/82 
 headers={'User-Agent': 'python-requests/2.32.3', 'Accept-Encoding': 'gzip, deflate, zstd', 'Accept': '*/*', 'Connection': 'keep-alive', 'Content-Length': '98', 'Content-Type': 'application/json'} 
 body=b'{"name": "Aaron Spencer", "department": "Immigration officer", "position": "Financial controller"}' 
 </msg>
<msg time="2025-04-04T14:04:28.973773" level="INFO">PUT Response : url=http://localhost:8000/employees/82 
 status=200, reason=OK 
 headers={'date': 'Fri, 04 Apr 2025 08:34:28 GMT', 'server': 'uvicorn', 'content-length': '101', 'content-type': 'application/json'} 
 body={"name":"Aaron Spencer","department":"Immigration officer","position":"Financial controller","id":82} 
 </msg>
<msg time="2025-04-04T14:04:28.974102" level="INFO">${response} = &lt;Response [200]&gt;</msg>
<var>${response}</var>
<arg>employee_api</arg>
<arg>/employees/${employee_id}</arg>
<arg>json=${employee_data}</arg>
<doc>Sends a PUT request on a previously created HTTP Session.</doc>
<status status="PASS" start="2025-04-04T14:04:28.946168" elapsed="0.028036"/>
</kw>
<kw name="Status Should Be" owner="RequestsLibrary">
<arg>200</arg>
<arg>${response}</arg>
<doc>Fails if response status code is different than the expected.</doc>
<status status="PASS" start="2025-04-04T14:04:28.974822" elapsed="0.000626"/>
</kw>
<return>
<value>${response.json()}</value>
<status status="PASS" start="2025-04-04T14:04:28.975689" elapsed="0.000128"/>
</return>
<msg time="2025-04-04T14:04:28.977223" level="INFO">${update_response} = {'name': 'Aaron Spencer', 'department': 'Immigration officer', 'position': 'Financial controller', 'id': 82}</msg>
<var>${update_response}</var>
<arg>${employee_id}</arg>
<arg>${updated_data}</arg>
<status status="PASS" start="2025-04-04T14:04:28.945047" elapsed="0.032320"/>
</kw>
<kw name="Should Be Equal" owner="BuiltIn">
<arg>${update_response}[name]</arg>
<arg>${updated_data}[name]</arg>
<doc>Fails if the given objects are unequal.</doc>
<status status="PASS" start="2025-04-04T14:04:28.978007" elapsed="0.000857"/>
</kw>
<status status="PASS" start="2025-04-04T14:04:26.871173" elapsed="2.108516"/>
</test>
<test id="s1-t5" name="Delete Employee" line="164">
<kw name="Generate Random Employee Data">
<kw name="Name" owner="FakerLibrary">
<msg time="2025-04-04T14:04:28.985582" level="INFO">${name} = Christina Herring</msg>
<var>${name}</var>
<doc>:example: 'John Doe'</doc>
<status status="PASS" start="2025-04-04T14:04:28.983636" elapsed="0.002125"/>
</kw>
<kw name="Job" owner="FakerLibrary">
<msg time="2025-04-04T14:04:28.986880" level="INFO">${department} = Brewing technologist</msg>
<var>${department}</var>
<status status="PASS" start="2025-04-04T14:04:28.986261" elapsed="0.002115"/>
</kw>
<kw name="Job" owner="FakerLibrary">
<msg time="2025-04-04T14:04:28.993273" level="INFO">${position} = Community development worker</msg>
<var>${position}</var>
<status status="PASS" start="2025-04-04T14:04:28.991776" elapsed="0.001713"/>
</kw>
<kw name="Create Dictionary" owner="BuiltIn">
<msg time="2025-04-04T14:04:28.996483" level="INFO">&amp;{employee} = { name=Christina Herring | department=Brewing technologist | position=Community development worker }</msg>
<var>&amp;{employee}</var>
<arg>name=${name}</arg>
<arg>department=${department}</arg>
<arg>position=${position}</arg>
<doc>Creates and returns a dictionary based on the given ``items``.</doc>
<status status="PASS" start="2025-04-04T14:04:28.993980" elapsed="0.002766"/>
</kw>
<return>
<value>&amp;{employee}</value>
<status status="PASS" start="2025-04-04T14:04:28.998555" elapsed="0.000259"/>
</return>
<msg time="2025-04-04T14:04:29.000182" level="INFO">${employee_data} = {'name': 'Christina Herring', 'department': 'Brewing technologist', 'position': 'Community development worker'}</msg>
<var>${employee_data}</var>
<status status="PASS" start="2025-04-04T14:04:28.982242" elapsed="0.018128"/>
</kw>
<kw name="Create Employee Via API">
<kw name="POST On Session" owner="RequestsLibrary">
<msg time="2025-04-04T14:04:29.034257" level="INFO">POST Request : url=http://localhost:8000/employees/ 
 path_url=/employees/ 
 headers={'User-Agent': 'python-requests/2.32.3', 'Accept-Encoding': 'gzip, deflate, zstd', 'Accept': '*/*', 'Connection': 'keep-alive', 'Content-Length': '111', 'Content-Type': 'application/json'} 
 body=b'{"name": "Christina Herring", "department": "Brewing technologist", "position": "Community development worker"}' 
 </msg>
<msg time="2025-04-04T14:04:29.034460" level="INFO">POST Response : url=http://localhost:8000/employees/ 
 status=201, reason=Created 
 headers={'date': 'Fri, 04 Apr 2025 08:34:28 GMT', 'server': 'uvicorn', 'content-length': '114', 'content-type': 'application/json'} 
 body={"name":"Christina Herring","department":"Brewing technologist","position":"Community development worker","id":83} 
 </msg>
<msg time="2025-04-04T14:04:29.034774" level="INFO">${response} = &lt;Response [201]&gt;</msg>
<var>${response}</var>
<arg>employee_api</arg>
<arg>/employees/</arg>
<arg>json=${employee_data}</arg>
<doc>Sends a POST request on a previously created HTTP Session.</doc>
<status status="PASS" start="2025-04-04T14:04:29.004537" elapsed="0.030339"/>
</kw>
<kw name="Status Should Be" owner="RequestsLibrary">
<arg>201</arg>
<arg>${response}</arg>
<doc>Fails if response status code is different than the expected.</doc>
<status status="PASS" start="2025-04-04T14:04:29.035343" elapsed="0.000614"/>
</kw>
<return>
<value>${response.json()}</value>
<status status="PASS" start="2025-04-04T14:04:29.036182" elapsed="0.000115"/>
</return>
<msg time="2025-04-04T14:04:29.037871" level="INFO">${response} = {'name': 'Christina Herring', 'department': 'Brewing technologist', 'position': 'Community development worker', 'id': 83}</msg>
<var>${response}</var>
<arg>${employee_data}</arg>
<status status="PASS" start="2025-04-04T14:04:29.001881" elapsed="0.036148"/>
</kw>
<kw name="Set Variable" owner="BuiltIn">
<msg time="2025-04-04T14:04:29.039073" level="INFO">${employee_id} = 83</msg>
<var>${employee_id}</var>
<arg>${response}[id]</arg>
<doc>Returns the given values which can then be assigned to a variables.</doc>
<status status="PASS" start="2025-04-04T14:04:29.038470" elapsed="0.000704"/>
</kw>
<kw name="Delete Employee Via API">
<kw name="DELETE On Session" owner="RequestsLibrary">
<msg time="2025-04-04T14:04:29.060462" level="INFO">DELETE Request : url=http://localhost:8000/employees/83 
 path_url=/employees/83 
 headers={'User-Agent': 'python-requests/2.32.3', 'Accept-Encoding': 'gzip, deflate, zstd', 'Accept': '*/*', 'Connection': 'keep-alive', 'Content-Length': '0'} 
 body=None 
 </msg>
<msg time="2025-04-04T14:04:29.060813" level="INFO">DELETE Response : url=http://localhost:8000/employees/83 
 status=200, reason=OK 
 headers={'date': 'Fri, 04 Apr 2025 08:34:28 GMT', 'server': 'uvicorn', 'content-length': '43', 'content-type': 'application/json'} 
 body={"message":"Employee deleted successfully"} 
 </msg>
<msg time="2025-04-04T14:04:29.061268" level="INFO">${response} = &lt;Response [200]&gt;</msg>
<var>${response}</var>
<arg>employee_api</arg>
<arg>/employees/${employee_id}</arg>
<doc>Sends a DELETE request on a previously created HTTP Session.</doc>
<status status="PASS" start="2025-04-04T14:04:29.040578" elapsed="0.020782"/>
</kw>
<kw name="Status Should Be" owner="RequestsLibrary">
<arg>200</arg>
<arg>${response}</arg>
<doc>Fails if response status code is different than the expected.</doc>
<status status="PASS" start="2025-04-04T14:04:29.061913" elapsed="0.000618"/>
</kw>
<arg>${employee_id}</arg>
<status status="PASS" start="2025-04-04T14:04:29.039638" elapsed="0.023163"/>
</kw>
<kw name="Reload Page" owner="SeleniumLibrary">
<doc>Simulates user reloading page.</doc>
<status status="PASS" start="2025-04-04T14:04:29.063317" elapsed="0.641754"/>
</kw>
<kw name="Verify Employee Does Not Exist">
<kw name="Page Should Not Contain" owner="SeleniumLibrary">
<msg time="2025-04-04T14:04:29.881298" level="INFO">Current page does not contain text 'Christina Herring'.</msg>
<arg>${employee_name}</arg>
<doc>Verifies the current page does not contain ``text``.</doc>
<status status="PASS" start="2025-04-04T14:04:29.706578" elapsed="0.174916"/>
</kw>
<arg>${employee_data}[name]</arg>
<status status="PASS" start="2025-04-04T14:04:29.705545" elapsed="0.176233"/>
</kw>
<status status="PASS" start="2025-04-04T14:04:28.980734" elapsed="0.901424"/>
</test>
<test id="s1-t6" name="Delete Multiple Employees" line="173">
<kw name="Generate Random Employee Data">
<kw name="Name" owner="FakerLibrary">
<msg time="2025-04-04T14:04:29.885145" level="INFO">${name} = John Alvarez</msg>
<var>${name}</var>
<doc>:example: 'John Doe'</doc>
<status status="PASS" start="2025-04-04T14:04:29.884482" elapsed="0.000726"/>
</kw>
<kw name="Job" owner="FakerLibrary">
<msg time="2025-04-04T14:04:29.885691" level="INFO">${department} = Lecturer, further education</msg>
<var>${department}</var>
<status status="PASS" start="2025-04-04T14:04:29.885426" elapsed="0.000361"/>
</kw>
<kw name="Job" owner="FakerLibrary">
<msg time="2025-04-04T14:04:29.886817" level="INFO">${position} = Scientist, marine</msg>
<var>${position}</var>
<status status="PASS" start="2025-04-04T14:04:29.886340" elapsed="0.000582"/>
</kw>
<kw name="Create Dictionary" owner="BuiltIn">
<msg time="2025-04-04T14:04:29.888117" level="INFO">&amp;{employee} = { name=John Alvarez | department=Lecturer, further education | position=Scientist, marine }</msg>
<var>&amp;{employee}</var>
<arg>name=${name}</arg>
<arg>department=${department}</arg>
<arg>position=${position}</arg>
<doc>Creates and returns a dictionary based on the given ``items``.</doc>
<status status="PASS" start="2025-04-04T14:04:29.887301" elapsed="0.000893"/>
</kw>
<return>
<value>&amp;{employee}</value>
<status status="PASS" start="2025-04-04T14:04:29.888339" elapsed="0.000101"/>
</return>
<msg time="2025-04-04T14:04:29.888846" level="INFO">${employee_data1} = {'name': 'John Alvarez', 'department': 'Lecturer, further education', 'position': 'Scientist, marine'}</msg>
<var>${employee_data1}</var>
<status status="PASS" start="2025-04-04T14:04:29.883974" elapsed="0.004967"/>
</kw>
<kw name="Create Employee Via API">
<kw name="POST On Session" owner="RequestsLibrary">
<msg time="2025-04-04T14:04:29.911514" level="INFO">POST Request : url=http://localhost:8000/employees/ 
 path_url=/employees/ 
 headers={'User-Agent': 'python-requests/2.32.3', 'Accept-Encoding': 'gzip, deflate, zstd', 'Accept': '*/*', 'Connection': 'keep-alive', 'Content-Length': '102', 'Content-Type': 'application/json'} 
 body=b'{"name": "John Alvarez", "department": "Lecturer, further education", "position": "Scientist, marine"}' 
 </msg>
<msg time="2025-04-04T14:04:29.911999" level="INFO">POST Response : url=http://localhost:8000/employees/ 
 status=201, reason=Created 
 headers={'date': 'Fri, 04 Apr 2025 08:34:29 GMT', 'server': 'uvicorn', 'content-length': '105', 'content-type': 'application/json'} 
 body={"name":"John Alvarez","department":"Lecturer, further education","position":"Scientist, marine","id":83} 
 </msg>
<msg time="2025-04-04T14:04:29.912607" level="INFO">${response} = &lt;Response [201]&gt;</msg>
<var>${response}</var>
<arg>employee_api</arg>
<arg>/employees/</arg>
<arg>json=${employee_data}</arg>
<doc>Sends a POST request on a previously created HTTP Session.</doc>
<status status="PASS" start="2025-04-04T14:04:29.890188" elapsed="0.022833"/>
</kw>
<kw name="Status Should Be" owner="RequestsLibrary">
<arg>201</arg>
<arg>${response}</arg>
<doc>Fails if response status code is different than the expected.</doc>
<status status="PASS" start="2025-04-04T14:04:29.913881" elapsed="0.000669"/>
</kw>
<return>
<value>${response.json()}</value>
<status status="PASS" start="2025-04-04T14:04:29.914799" elapsed="0.000152"/>
</return>
<msg time="2025-04-04T14:04:29.917086" level="INFO">${response1} = {'name': 'John Alvarez', 'department': 'Lecturer, further education', 'position': 'Scientist, marine', 'id': 83}</msg>
<var>${response1}</var>
<arg>${employee_data1}</arg>
<status status="PASS" start="2025-04-04T14:04:29.889368" elapsed="0.027865"/>
</kw>
<kw name="Set Variable" owner="BuiltIn">
<msg time="2025-04-04T14:04:29.918445" level="INFO">${employee_id1} = 83</msg>
<var>${employee_id1}</var>
<arg>${response1}[id]</arg>
<doc>Returns the given values which can then be assigned to a variables.</doc>
<status status="PASS" start="2025-04-04T14:04:29.917707" elapsed="0.000871"/>
</kw>
<kw name="Generate Random Employee Data">
<kw name="Name" owner="FakerLibrary">
<msg time="2025-04-04T14:04:29.922452" level="INFO">${name} = James Smith</msg>
<var>${name}</var>
<doc>:example: 'John Doe'</doc>
<status status="PASS" start="2025-04-04T14:04:29.920611" elapsed="0.002044"/>
</kw>
<kw name="Job" owner="FakerLibrary">
<msg time="2025-04-04T14:04:29.924009" level="INFO">${department} = Homeopath</msg>
<var>${department}</var>
<status status="PASS" start="2025-04-04T14:04:29.923233" elapsed="0.000965"/>
</kw>
<kw name="Job" owner="FakerLibrary">
<msg time="2025-04-04T14:04:29.925537" level="INFO">${position} = Armed forces operational officer</msg>
<var>${position}</var>
<status status="PASS" start="2025-04-04T14:04:29.924741" elapsed="0.000940"/>
</kw>
<kw name="Create Dictionary" owner="BuiltIn">
<msg time="2025-04-04T14:04:29.929274" level="INFO">&amp;{employee} = { name=James Smith | department=Homeopath | position=Armed forces operational officer }</msg>
<var>&amp;{employee}</var>
<arg>name=${name}</arg>
<arg>department=${department}</arg>
<arg>position=${position}</arg>
<doc>Creates and returns a dictionary based on the given ``items``.</doc>
<status status="PASS" start="2025-04-04T14:04:29.926458" elapsed="0.003245"/>
</kw>
<return>
<value>&amp;{employee}</value>
<status status="PASS" start="2025-04-04T14:04:29.930251" elapsed="0.000455"/>
</return>
<msg time="2025-04-04T14:04:29.932006" level="INFO">${employee_data2} = {'name': 'James Smith', 'department': 'Homeopath', 'position': 'Armed forces operational officer'}</msg>
<var>${employee_data2}</var>
<status status="PASS" start="2025-04-04T14:04:29.919400" elapsed="0.012883"/>
</kw>
<kw name="Create Employee Via API">
<kw name="POST On Session" owner="RequestsLibrary">
<msg time="2025-04-04T14:04:29.963440" level="INFO">POST Request : url=http://localhost:8000/employees/ 
 path_url=/employees/ 
 headers={'User-Agent': 'python-requests/2.32.3', 'Accept-Encoding': 'gzip, deflate, zstd', 'Accept': '*/*', 'Connection': 'keep-alive', 'Content-Length': '98', 'Content-Type': 'application/json'} 
 body=b'{"name": "James Smith", "department": "Homeopath", "position": "Armed forces operational officer"}' 
 </msg>
<msg time="2025-04-04T14:04:29.963660" level="INFO">POST Response : url=http://localhost:8000/employees/ 
 status=201, reason=Created 
 headers={'date': 'Fri, 04 Apr 2025 08:34:29 GMT', 'server': 'uvicorn', 'content-length': '101', 'content-type': 'application/json'} 
 body={"name":"James Smith","department":"Homeopath","position":"Armed forces operational officer","id":84} 
 </msg>
<msg time="2025-04-04T14:04:29.963977" level="INFO">${response} = &lt;Response [201]&gt;</msg>
<var>${response}</var>
<arg>employee_api</arg>
<arg>/employees/</arg>
<arg>json=${employee_data}</arg>
<doc>Sends a POST request on a previously created HTTP Session.</doc>
<status status="PASS" start="2025-04-04T14:04:29.934549" elapsed="0.029542"/>
</kw>
<kw name="Status Should Be" owner="RequestsLibrary">
<arg>201</arg>
<arg>${response}</arg>
<doc>Fails if response status code is different than the expected.</doc>
<status status="PASS" start="2025-04-04T14:04:29.964582" elapsed="0.000671"/>
</kw>
<return>
<value>${response.json()}</value>
<status status="PASS" start="2025-04-04T14:04:29.965499" elapsed="0.000145"/>
</return>
<msg time="2025-04-04T14:04:29.968126" level="INFO">${response2} = {'name': 'James Smith', 'department': 'Homeopath', 'position': 'Armed forces operational officer', 'id': 84}</msg>
<var>${response2}</var>
<arg>${employee_data2}</arg>
<status status="PASS" start="2025-04-04T14:04:29.933312" elapsed="0.034955"/>
</kw>
<kw name="Set Variable" owner="BuiltIn">
<msg time="2025-04-04T14:04:29.969492" level="INFO">${employee_id2} = 84</msg>
<var>${employee_id2}</var>
<arg>${response2}[id]</arg>
<doc>Returns the given values which can then be assigned to a variables.</doc>
<status status="PASS" start="2025-04-04T14:04:29.968719" elapsed="0.000890"/>
</kw>
<kw name="Go To" owner="SeleniumLibrary">
<msg time="2025-04-04T14:04:29.970508" level="INFO">Opening url 'http://localhost:8080'</msg>
<arg>${FRONTEND_URL}</arg>
<doc>Navigates the current browser window to the provided ``url``.</doc>
<status status="PASS" start="2025-04-04T14:04:29.970040" elapsed="0.726607"/>
</kw>
<kw name="Wait Until Element Is Visible" owner="SeleniumLibrary">
<arg>id:employeeContainer</arg>
<doc>Waits until the element ``locator`` is visible.</doc>
<status status="PASS" start="2025-04-04T14:04:30.697315" elapsed="0.097573"/>
</kw>
<kw name="Sleep" owner="BuiltIn">
<msg time="2025-04-04T14:04:32.797870" level="INFO">Slept 2 seconds.</msg>
<arg>2s</arg>
<doc>Pauses the test executed for the given time.</doc>
<status status="PASS" start="2025-04-04T14:04:30.795663" elapsed="2.002422"/>
</kw>
<kw name="Select Multiple Employees">
<for flavor="IN">
<iter>
<kw name="Set Variable" owner="BuiltIn">
<msg time="2025-04-04T14:04:32.801478" level="INFO">${checkbox_locator} = id:check-83</msg>
<var>${checkbox_locator}</var>
<arg>id:check-${id}</arg>
<doc>Returns the given values which can then be assigned to a variables.</doc>
<status status="PASS" start="2025-04-04T14:04:32.800676" elapsed="0.003728"/>
</kw>
<kw name="Wait Until Element Is Visible" owner="SeleniumLibrary">
<arg>${checkbox_locator}</arg>
<doc>Waits until the element ``locator`` is visible.</doc>
<status status="PASS" start="2025-04-04T14:04:32.805080" elapsed="0.044014"/>
</kw>
<kw name="Scroll Element Into View" owner="SeleniumLibrary">
<arg>${checkbox_locator}</arg>
<doc>Scrolls the element identified by ``locator`` into view.</doc>
<status status="PASS" start="2025-04-04T14:04:32.849360" elapsed="0.305043"/>
</kw>
<kw name="Sleep" owner="BuiltIn">
<msg time="2025-04-04T14:04:33.656670" level="INFO">Slept 500 milliseconds.</msg>
<arg>0.5s</arg>
<doc>Pauses the test executed for the given time.</doc>
<status status="PASS" start="2025-04-04T14:04:33.155519" elapsed="0.501400"/>
</kw>
<kw name="Click Element" owner="SeleniumLibrary">
<msg time="2025-04-04T14:04:33.657850" level="INFO">Clicking element 'id:check-83'.</msg>
<arg>${checkbox_locator}</arg>
<doc>Click the element identified by ``locator``.</doc>
<status status="PASS" start="2025-04-04T14:04:33.657301" elapsed="0.135243"/>
</kw>
<var name="${id}">83</var>
<status status="PASS" start="2025-04-04T14:04:32.800197" elapsed="0.992598"/>
</iter>
<iter>
<kw name="Set Variable" owner="BuiltIn">
<msg time="2025-04-04T14:04:33.794321" level="INFO">${checkbox_locator} = id:check-84</msg>
<var>${checkbox_locator}</var>
<arg>id:check-${id}</arg>
<doc>Returns the given values which can then be assigned to a variables.</doc>
<status status="PASS" start="2025-04-04T14:04:33.793799" elapsed="0.000605"/>
</kw>
<kw name="Wait Until Element Is Visible" owner="SeleniumLibrary">
<arg>${checkbox_locator}</arg>
<doc>Waits until the element ``locator`` is visible.</doc>
<status status="PASS" start="2025-04-04T14:04:33.794863" elapsed="0.045574"/>
</kw>
<kw name="Scroll Element Into View" owner="SeleniumLibrary">
<arg>${checkbox_locator}</arg>
<doc>Scrolls the element identified by ``locator`` into view.</doc>
<status status="PASS" start="2025-04-04T14:04:33.840827" elapsed="0.291928"/>
</kw>
<kw name="Sleep" owner="BuiltIn">
<msg time="2025-04-04T14:04:34.634015" level="INFO">Slept 500 milliseconds.</msg>
<arg>0.5s</arg>
<doc>Pauses the test executed for the given time.</doc>
<status status="PASS" start="2025-04-04T14:04:34.133265" elapsed="0.500922"/>
</kw>
<kw name="Click Element" owner="SeleniumLibrary">
<msg time="2025-04-04T14:04:34.634780" level="INFO">Clicking element 'id:check-84'.</msg>
<arg>${checkbox_locator}</arg>
<doc>Click the element identified by ``locator``.</doc>
<status status="PASS" start="2025-04-04T14:04:34.634456" elapsed="0.142309"/>
</kw>
<var name="${id}">84</var>
<status status="PASS" start="2025-04-04T14:04:33.793438" elapsed="0.983585"/>
</iter>
<var>${id}</var>
<value>@{employee_ids}</value>
<status status="PASS" start="2025-04-04T14:04:32.799572" elapsed="1.977682"/>
</for>
<kw name="Wait Until Element Is Enabled" owner="SeleniumLibrary">
<arg>id:deleteSelectedBtn</arg>
<doc>Waits until the element ``locator`` is enabled.</doc>
<status status="PASS" start="2025-04-04T14:04:34.777898" elapsed="0.062446"/>
</kw>
<arg>${employee_id1}</arg>
<arg>${employee_id2}</arg>
<status status="PASS" start="2025-04-04T14:04:32.798567" elapsed="2.041991"/>
</kw>
<kw name="Delete Selected Employees">
<kw name="Set Variable" owner="BuiltIn">
<msg time="2025-04-04T14:04:34.841997" level="INFO">${delete_button} = id:deleteSelectedBtn</msg>
<var>${delete_button}</var>
<arg>id:deleteSelectedBtn</arg>
<doc>Returns the given values which can then be assigned to a variables.</doc>
<status status="PASS" start="2025-04-04T14:04:34.841532" elapsed="0.000576"/>
</kw>
<kw name="Wait Until Element Is Visible" owner="SeleniumLibrary">
<arg>${delete_button}</arg>
<doc>Waits until the element ``locator`` is visible.</doc>
<status status="PASS" start="2025-04-04T14:04:34.842549" elapsed="0.029753"/>
</kw>
<kw name="Scroll Element Into View" owner="SeleniumLibrary">
<arg>${delete_button}</arg>
<doc>Scrolls the element identified by ``locator`` into view.</doc>
<status status="PASS" start="2025-04-04T14:04:34.872572" elapsed="0.300226"/>
</kw>
<kw name="Wait Until Element Is Enabled" owner="SeleniumLibrary">
<arg>${delete_button}</arg>
<doc>Waits until the element ``locator`` is enabled.</doc>
<status status="PASS" start="2025-04-04T14:04:35.173160" elapsed="0.066853"/>
</kw>
<kw name="Click Element" owner="SeleniumLibrary">
<msg time="2025-04-04T14:04:35.240991" level="INFO">Clicking element 'id:deleteSelectedBtn'.</msg>
<arg>${delete_button}</arg>
<doc>Click the element identified by ``locator``.</doc>
<status status="PASS" start="2025-04-04T14:04:35.240439" elapsed="0.155397"/>
</kw>
<kw name="Handle Alert" owner="SeleniumLibrary">
<msg time="2025-04-04T14:04:35.396536" level="INFO">HANDLE::&lt;class 'NoneType'&gt;::None</msg>
<arg>ACCEPT</arg>
<doc>Handles the current alert and returns its message.</doc>
<status status="PASS" start="2025-04-04T14:04:35.396222" elapsed="0.011092"/>
</kw>
<kw name="Sleep" owner="BuiltIn">
<msg time="2025-04-04T14:04:37.408724" level="INFO">Slept 2 seconds.</msg>
<arg>2s</arg>
<doc>Pauses the test executed for the given time.</doc>
<status status="PASS" start="2025-04-04T14:04:35.407779" elapsed="2.001146"/>
</kw>
<kw name="Wait Until Page Contains Element" owner="SeleniumLibrary">
<arg>id:employeeContainer</arg>
<doc>Waits until the element ``locator`` appears on the current page.</doc>
<status status="PASS" start="2025-04-04T14:04:37.409268" elapsed="0.018298"/>
</kw>
<status status="PASS" start="2025-04-04T14:04:34.840934" elapsed="2.586875"/>
</kw>
<kw name="Verify Employee Does Not Exist">
<kw name="Page Should Not Contain" owner="SeleniumLibrary">
<msg time="2025-04-04T14:04:37.471228" level="INFO">Current page does not contain text 'John Alvarez'.</msg>
<arg>${employee_name}</arg>
<doc>Verifies the current page does not contain ``text``.</doc>
<status status="PASS" start="2025-04-04T14:04:37.428881" elapsed="0.042555"/>
</kw>
<arg>${employee_data1}[name]</arg>
<status status="PASS" start="2025-04-04T14:04:37.428139" elapsed="0.043478"/>
</kw>
<kw name="Verify Employee Does Not Exist">
<kw name="Page Should Not Contain" owner="SeleniumLibrary">
<msg time="2025-04-04T14:04:37.518394" level="INFO">Current page does not contain text 'James Smith'.</msg>
<arg>${employee_name}</arg>
<doc>Verifies the current page does not contain ``text``.</doc>
<status status="PASS" start="2025-04-04T14:04:37.472582" elapsed="0.045968"/>
</kw>
<arg>${employee_data2}[name]</arg>
<status status="PASS" start="2025-04-04T14:04:37.471889" elapsed="0.046865"/>
</kw>
<kw name="Run Keyword And Ignore Error" owner="BuiltIn">
<kw name="Get Employee Via API">
<kw name="GET On Session" owner="RequestsLibrary">
<msg time="2025-04-04T14:04:39.538386" level="INFO">GET Request : url=http://localhost:8000/employees/83 
 path_url=/employees/83 
 headers={'User-Agent': 'python-requests/2.32.3', 'Accept-Encoding': 'gzip, deflate, zstd', 'Accept': '*/*', 'Connection': 'keep-alive'} 
 body=None 
 </msg>
<msg time="2025-04-04T14:04:39.538637" level="INFO">GET Response : url=http://localhost:8000/employees/83 
 status=404, reason=Not Found 
 headers={'date': 'Fri, 04 Apr 2025 08:34:39 GMT', 'server': 'uvicorn', 'content-length': '31', 'content-type': 'application/json'} 
 body={"detail":"Employee not found"} 
 </msg>
<msg time="2025-04-04T14:04:39.539063" level="INFO">${response} = &lt;Response [404]&gt;</msg>
<var>${response}</var>
<arg>employee_api</arg>
<arg>/employees/${employee_id}</arg>
<arg>expected_status=404</arg>
<doc>Sends a GET request on a previously created HTTP Session.</doc>
<status status="PASS" start="2025-04-04T14:04:37.520236" elapsed="2.019326"/>
</kw>
<arg>${employee_id1}</arg>
<status status="PASS" start="2025-04-04T14:04:37.519508" elapsed="2.020487"/>
</kw>
<arg>Get Employee Via API</arg>
<arg>${employee_id1}</arg>
<doc>Runs the given keyword with the given arguments and ignores possible error.</doc>
<status status="PASS" start="2025-04-04T14:04:37.519077" elapsed="2.021137"/>
</kw>
<kw name="Run Keyword And Ignore Error" owner="BuiltIn">
<kw name="Get Employee Via API">
<kw name="GET On Session" owner="RequestsLibrary">
<msg time="2025-04-04T14:04:39.557761" level="INFO">GET Request : url=http://localhost:8000/employees/84 
 path_url=/employees/84 
 headers={'User-Agent': 'python-requests/2.32.3', 'Accept-Encoding': 'gzip, deflate, zstd', 'Accept': '*/*', 'Connection': 'keep-alive'} 
 body=None 
 </msg>
<msg time="2025-04-04T14:04:39.558166" level="INFO">GET Response : url=http://localhost:8000/employees/84 
 status=404, reason=Not Found 
 headers={'date': 'Fri, 04 Apr 2025 08:34:39 GMT', 'server': 'uvicorn', 'content-length': '31', 'content-type': 'application/json'} 
 body={"detail":"Employee not found"} 
 </msg>
<msg time="2025-04-04T14:04:39.558803" level="INFO">${response} = &lt;Response [404]&gt;</msg>
<var>${response}</var>
<arg>employee_api</arg>
<arg>/employees/${employee_id}</arg>
<arg>expected_status=404</arg>
<doc>Sends a GET request on a previously created HTTP Session.</doc>
<status status="PASS" start="2025-04-04T14:04:39.543459" elapsed="0.015565"/>
</kw>
<arg>${employee_id2}</arg>
<status status="PASS" start="2025-04-04T14:04:39.541613" elapsed="0.018057"/>
</kw>
<arg>Get Employee Via API</arg>
<arg>${employee_id2}</arg>
<doc>Runs the given keyword with the given arguments and ignores possible error.</doc>
<status status="PASS" start="2025-04-04T14:04:39.540792" elapsed="0.019297"/>
</kw>
<status status="PASS" start="2025-04-04T14:04:29.882866" elapsed="9.678091"/>
</test>
<test id="s1-t7" name="Verify Page Titles" line="200">
<kw name="Go To" owner="SeleniumLibrary">
<msg time="2025-04-04T14:04:39.565652" level="INFO">Opening url 'http://localhost:8080'</msg>
<arg>${FRONTEND_URL}</arg>
<doc>Navigates the current browser window to the provided ``url``.</doc>
<status status="PASS" start="2025-04-04T14:04:39.564586" elapsed="0.428754"/>
</kw>
<kw name="Wait Until Element Is Visible" owner="SeleniumLibrary">
<arg>css:.navbar-brand</arg>
<doc>Waits until the element ``locator`` is visible.</doc>
<status status="PASS" start="2025-04-04T14:04:39.993848" elapsed="0.067209"/>
</kw>
<kw name="Verify Page Title">
<kw name="Get Title" owner="SeleniumLibrary">
<msg time="2025-04-04T14:04:40.073880" level="INFO">${title} = Employee System</msg>
<var>${title}</var>
<doc>Returns the title of the current page.</doc>
<status status="PASS" start="2025-04-04T14:04:40.062080" elapsed="0.011954"/>
</kw>
<kw name="Should Be Equal" owner="BuiltIn">
<arg>${title}</arg>
<arg>Employee System</arg>
<doc>Fails if the given objects are unequal.</doc>
<status status="PASS" start="2025-04-04T14:04:40.074559" elapsed="0.000677"/>
</kw>
<kw name="Element Text Should Be" owner="SeleniumLibrary">
<msg time="2025-04-04T14:04:40.076332" level="INFO">Verifying element 'css:.navbar-brand' contains exact text 'Employee System'.</msg>
<arg>css:.navbar-brand</arg>
<arg>Employee System</arg>
<doc>Verifies that element ``locator`` contains exact the text ``expected``.</doc>
<status status="PASS" start="2025-04-04T14:04:40.075754" elapsed="0.055916"/>
</kw>
<status status="PASS" start="2025-04-04T14:04:40.061459" elapsed="0.070511"/>
</kw>
<status status="PASS" start="2025-04-04T14:04:39.562555" elapsed="0.569726"/>
</test>
<kw name="Close All Browsers" owner="SeleniumLibrary" type="TEARDOWN">
<doc>Closes all open browsers and resets the browser cache.</doc>
<status status="PASS" start="2025-04-04T14:04:40.133451" elapsed="6.975185"/>
</kw>
<status status="PASS" start="2025-04-04T14:04:10.019953" elapsed="37.088920"/>
</suite>
<statistics>
<total>
<stat pass="7" fail="0" skip="0">All Tests</stat>
</total>
<tag>
</tag>
<suite>
<stat name="Employee Tests" id="s1" pass="7" fail="0" skip="0">Employee Tests</stat>
</suite>
</statistics>
<errors>
</errors>
</robot>
